#
# There is insufficient memory for the Java Runtime Environment to continue.
# Native memory allocation (malloc) failed to allocate 1231312 bytes for Chunk::new
# Possible reasons:
#   The system is out of physical RAM or swap space
#   The process is running with CompressedOops enabled, and the Java Heap may be blocking the growth of the native heap
# Possible solutions:
#   Reduce memory load on the system
#   Increase physical memory or swap space
#   Check if swap backing store is full
#   Decrease Java heap size (-Xmx/-Xms)
#   Decrease number of Java threads
#   Decrease Java thread stack sizes (-Xss)
#   Set larger code cache with -XX:ReservedCodeCacheSize=
#   JVM is running with Unscaled Compressed Oops mode in which the Java heap is
#     placed in the first 4GB address space. The Java Heap base address is the
#     maximum limit for the native heap growth. Please use -XX:HeapBaseMinAddress
#     to set the Java Heap base and to place the Java Heap above 4GB virtual address.
# This output file may be truncated or incomplete.
#
#  Out of Memory Error (arena.cpp:189), pid=2600, tid=2032
#
# JRE version: OpenJDK Runtime Environment Temurin-17.0.7+7 (17.0.7+7) (build 17.0.7+7)
# Java VM: OpenJDK 64-Bit Server VM Temurin-17.0.7+7 (17.0.7+7, mixed mode, tiered, compressed oops, compressed class ptrs, g1 gc, windows-amd64)
# No core dump will be written. Minidumps are not enabled by default on client versions of Windows
#

---------------  S U M M A R Y ------------

Command Line: -Dgroovy.home=C:\Users\ASUS/.groovy -Djava.system.class.loader=groovy.lang.GroovyClassLoader -Xmx2048m -Dfile.encoding=UTF-8 -XX:+ShowCodeDetailsInExceptionMessages org.codehaus.groovy.tools.GroovyStarter --classpath C:\Users\ASUS\git\Suraj-Automation-WinMobileApp\bin\keyword;C:\Users\ASUS\git\Suraj-Automation-WinMobileApp\Keywords;C:\Users\ASUS\git\Suraj-Automation-WinMobileApp\bin\listener;C:\Users\ASUS\git\Suraj-Automation-WinMobileApp\Test Listeners;C:\Users\ASUS\git\Suraj-Automation-WinMobileApp\bin\lib;C:\Users\ASUS\git\Suraj-Automation-WinMobileApp\Libs;C:\Users\ASUS\git\Suraj-Automation-WinMobileApp\bin\groovy;C:\Users\ASUS\git\Suraj-Automation-WinMobileApp\Include\scripts\groovy;C:\Users\ASUS\.katalon\packages\Katalon_Studio_Free_Windows_64-9.5.0\Katalon_Studio_Free_Windows_64-9.5.0\plugins\com.kms.katalon.core_1.0.0.202405291026.jar;C:\Users\ASUS\.katalon\packages\Katalon_Studio_Free_Windows_64-9.5.0\Katalon_Studio_Free_Windows_64-9.5.0\configuration\resources\lib\aalto-xml-1.0.0.jar;C:\Users\ASUS\.katalon\packages\Katalon_Studio_Free_Windows_64-9.5.0\Katalon_Studio_Free_Windows_64-9.5.0\configuration\resources\lib\aspectjweaver-1.9.1.jar;C:\Users\ASUS\.katalon\packages\Katalon_Studio_Free_Windows_64-9.5.0\Katalon_Studio_Free_Windows_64-9.5.0\configuration\resources\lib\bcpkix-jdk15on-1.64.jar;C:\Users\ASUS\.katalon\packages\Katalon_Studio_Free_Windows_64-9.5.0\Katalon_Studio_Free_Windows_64-9.5.0\configuration\resources\lib\bcprov-jdk15on-1.64.jar;C:\Users\ASUS\.katalon\packages\Katalon_Studio_Free_Windows_64-9.5.0\Katalon_Studio_Free_Windows_64-9.5.0\configuration\resources\lib\browsermob-core-2.1.5.jar;C:\Users\ASUS\.katalon\packages\Katalon_Studio_Free_Windows_64-9.5.0\Katalon_Studio_Free_Windows_64-9.5.0\configuration\resources\lib\byte-buddy-1.14.3.jar;C:\Users\ASUS\.katalon\packages\Katalon_Studio_Free_Windows_64-9.5.0\Katalon_Studio_Free_Windows_64-9.5.0\configuration\resources\lib\byte-buddy-agent-1.14.3.jar;C:\Users\ASUS\.katalon\packages\Katalon_Studio_Free_Windows_64-9.5.0\Katalon_Studio_Free_Windows_64-9.5.0\configuration\resources\lib\cglib-3.2.10.jar;C:\Users\ASUS\.katalon\packages\Katalon_Studio_Free_Windows_64-9.5.0\Katalon_Studio_Free_Windows_64-9.5.0\configuration\resources\lib\commons-codec-1.10.jar;C:\Users\ASUS\.katalon\packages\Katalon_Studio_Free_Windows_64-9.5.0\Katalon_Studio_Free_Windows_64-9.5.0\configuration\resources\lib\commons-collections4-4.1.jar;C:\Users\ASUS\.katalon\packages\Katalon_Studio_Free_Windows_64-9.5.0\Katalon_Studio_Free_Windows_64-9.5.0\configuration\resources\lib\commons-validator-1.6.jar;C:\Users\ASUS\.katalon\packages\Katalon_Studio_Free_Windows_64-9.5.0\Katalon_Studio_Free_Windows_64-9.5.0\configuration\resources\lib\curvesapi-1.04.jar;C:\Users\ASUS\.katalon\packages\Katalon_Studio_Free_Windows_64-9.5.0\Katalon_Studio_Free_Windows_64-9.5.0\configuration\resources\lib\dnsjava-2.1.8.jar;C:\Users\ASUS\.katalon\packages\Katalon_Studio_Free_Windows_64-9.5.0\Katalon_Studio_Free_Windows_64-9.5.0\configuration\resources\lib\groovy-ant-3.0.17.jar;C:\Users\ASUS\.katalon\packages\Katalon_Studio_Free_Windows_64-9.5.0\Katalon_Studio_Free_Windows_64-9.5.0\configuration\resources\lib\groovy-astbuilder-3.0.17.jar;C:\Users\ASUS\.katalon\packages\Katalon_Studio_Free_Windows_64-9.5.0\Katalon_Studio_Free_Windows_64-9.5.0\configuration\resources\lib\groovy-cli-picocli-3.0.17.jar;C:\Users\ASUS\.katalon\packages\Katalon_Studio_Free_Windows_64-9.5.0\Katalon_Studio_Free_Windows_64-9.5.0\configuration\resources\lib\groovy-console-3.0.17.jar;C:\Users\ASUS\.katalon\packages\Katalon_Studio_Free_Windows_64-9.5.0\Katalon_Studio_Free_Windows_64-9.5.0\configuration\resources\lib\groovy-datetime-3.0.17.jar;C:\Users\ASUS\.katalon\packages\Katalon_Studio_Free_Windows_64-9.5.0\Katalon_Studio_Free_Windows_64-9.5.0\configuration\resources\lib\groovy-dateutil-3.0.17.jar;C:\Users\ASUS\.katalon\packages\Katalon_Studio_Free_Windows_64-9.5.0\Katalon_Studio_Free_Windows_64-9.5.0\configuration\resources\lib\groovy-docgenerator-3.0.17.jar;C:\Users\ASUS\.katalon\packages\Katalon_Studio_Free_Windows_64-9.5.0\Katalon_Studio_Free_Windows_64-9.5.0\configuration\resources\lib\groovy-groovydoc-3.0.17.jar;C:\Users\ASUS\.katalon\packages\Katalon_Studio_Free_Windows_64-9.5.0\Katalon_Studio_Free_Windows_64-9.5.0\configuration\resources\lib\groovy-groovysh-3.0.17.jar;C:\Users\ASUS\.katalon\packages\Katalon_Studio_Free_Windows_64-9.5.0\Katalon_Studio_Free_Windows_64-9.5.0\configuration\resources\lib\groovy-jmx-3.0.17.jar;C:\Users\ASUS\.katalon\packages\Katalon_Studio_Free_Windows_64-9.5.0\Katalon_Studio_Free_Windows_64-9.5.0\configuration\resources\lib\groovy-json-3.0.17.jar;C:\Users\ASUS\.katalon\packages\Katalon_Studio_Free_Windows_64-9.5.0\Katalon_Studio_Free_Windows_64-9.5.0\configuration\resources\lib\groovy-jsr223-3.0.17.jar;C:\Users\ASUS\.katalon\packages\Katalon_Studio_Free_Windows_64-9.5.0\Katalon_Studio_Free_Windows_64-9.5.0\configuration\resources\lib\groovy-macro-3.0.17.jar;C:\Users\ASUS\.katalon\packages\Katalon_Studio_Free_Windows_64-9.5.0\Katalon_Studio_Free_Windows_64-9.5.0\configuration\resources\lib\groovy-nio-3.0.17.jar;C:\Users\ASUS\.katalon\packages\Katalon_Studio_Free_Windows_64-9.5.0\Katalon_Studio_Free_Windows_64-9.5.0\configuration\resources\lib\groovy-servlet-3.0.17.jar;C:\Users\ASUS\.katalon\packages\Katalon_Studio_Free_Windows_64-9.5.0\Katalon_Studio_Free_Windows_64-9.5.0\configuration\resources\lib\groovy-sql-3.0.17.jar;C:\Users\ASUS\.katalon\packages\Katalon_Studio_Free_Windows_64-9.5.0\Katalon_Studio_Free_Windows_64-9.5.0\configuration\resources\lib\groovy-swing-3.0.17.jar;C:\Users\ASUS\.katalon\packages\Katalon_Studio_Free_Windows_64-9.5.0\Katalon_Studio_Free_Windows_64-9.5.0\configuration\resources\lib\groovy-templates-3.0.17.jar;C:\Users\ASUS\.katalon\packages\Katalon_Studio_Free_Windows_64-9.5.0\Katalon_Studio_Free_Windows_64-9.5.0\configuration\resources\lib\groovy-test-3.0.17.jar;C:\Users\ASUS\.katalon\packages\Katalon_Studio_Free_Windows_64-9.5.0\Katalon_Studio_Free_Windows_64-9.5.0\configuration\resources\lib\groovy-test-junit5-3.0.17.jar;C:\Users\ASUS\.katalon\packages\Katalon_Studio_Free_Windows_64-9.5.0\Katalon_Studio_Free_Windows_64-9.5.0\configuration\resources\lib\groovy-testng-3.0.17.jar;C:\Users\ASUS\.katalon\packages\Katalon_Studio_Free_Windows_64-9.5.0\Katalon_Studio_Free_Windows_64-9.5.0\configuration\resources\lib\groovy-xml-3.0.17.jar;C:\Users\ASUS\.katalon\packages\Katalon_Studio_Free_Windows_64-9.5.0\Katalon_Studio_Free_Windows_64-9.5.0\configuration\resources\lib\java-client-7.0.0.jar;C:\Users\ASUS\.katalon\packages\Katalon_Studio_Free_Windows_64-9.5.0\Katalon_Studio_Free_Windows_64-9.5.0\configuration\resources\lib\javax.servlet-api_3.1.0.jar;C:\Users\ASUS\.katalon\packages\Katalon_Studio_Free_Windows_64-9.5.0\Katalon_Studio_Free_Windows_64-9.5.0\configuration\resources\lib\jna-5.12.1.jar;C:\Users\ASUS\.katalon\packages\Katalon_Studio_Free_Windows_64-9.5.0\Katalon_Studio_Free_Windows_64-9.5.0\configuration\resources\lib\jna-platform-5.12.1.jar;C:\Users\ASUS\.katalon\packages\Katalon_Studio_Free_Windows_64-9.5.0\Katalon_Studio_Free_Windows_64-9.5.0\configuration\resources\lib\jzlib-1.1.3.jar;C:\Users\ASUS\.katalon\packages\Katalon_Studio_Free_Windows_64-9.5.0\Katalon_Studio_Free_Windows_64-9.5.0\configuration\resources\lib\kat-server.jar;C:\Users\ASUS\.katalon\packages\Katalon_Studio_Free_Windows_64-9.5.0\Katalon_Studio_Free_Windows_64-9.5.0\configuration\resources\lib\littleproxy-1.1.0-beta-bmp-17.jar;C:\Users\ASUS\.katalon\packages\Katalon_Studio_Free_Windows_64-9.5.0\Katalon_Studio_Free_Windows_64-9.5.0\configuration\resources\lib\log4j-1.2-api-2.17.1.jar;C:\Users\ASUS\.katalon\packages\Katalon_Studio_Free_Windows_64-9.5.0\Katalon_Studio_Free_Windows_64-9.5.0\configuration\resources\lib\log4j-api-2.17.1.jar;C:\Users\ASUS\.katalon\packages\Katalon_Studio_Free_Windows_64-9.5.0\Katalon_Studio_Free_Windows_64-9.5.0\configuration\resources\lib\log4j-core-2.17.1.jar;C:\Users\ASUS\.katalon\packages\Katalon_Studio_Free_Windows_64-9.5.0\Katalon_Studio_Free_Windows_64-9.5.0\configuration\resources\lib\mitm-2.1.5.jar;C:\Users\ASUS\.katalon\packages\Katalon_Studio_Free_Windows_64-9.5.0\Katalon_Studio_Free_Windows_64-9.5.0\configuration\resources\lib\mockito-core-5.2.0.jar;C:\Users\ASUS\.katalon\packages\Katalon_Studio_Free_Windows_64-9.5.0\Katalon_Studio_Free_Windows_64-9.5.0\configuration\resources\lib\mockito-inline-5.2.0.jar;C:\Users\ASUS\.katalon\packages\Katalon_Studio_Free_Windows_64-9.5.0\Katalon_Studio_Free_Windows_64-9.5.0\configuration\resources\lib\netty-all-4.1.109.Final.jar;C:\Users\ASUS\.katalon\packages\Katalon_Studio_Free_Windows_64-9.5.0\Katalon_Studio_Free_Windows_64-9.5.0\configuration\resources\lib\objenesis-3.3.jar;C:\Users\ASUS\.katalon\packages\Katalon_Studio_Free_Windows_64-9.5.0\Katalon_Studio_Free_Windows_64-9.5.0\configuration\resources\lib\poi-3.17.jar;C:\Users\ASUS\.katalon\packages\Katalon_Studio_Free_Windows_64-9.5.0\Katalon_Studio_Free_Windows_64-9.5.0\configuration\resources\lib\poi-ooxml-3.17.jar;C:\Users\ASUS\.katalon\packages\Katalon_Studio_Free_Windows_64-9.5.0\Katalon_Studio_Free_Windows_64-9.5.0\configuration\resources\lib\poi-ooxml-schemas-3.17.jar;C:\Users\ASUS\.katalon\packages\Katalon_Studio_Free_Windows_64-9.5.0\Katalon_Studio_Free_Windows_64-9.5.0\configuration\resources\lib\proxy-vole-1.0.4-SNAPSHOT-jar-with-dependencies.jar;C:\Users\ASUS\.katalon\packages\Katalon_Studio_Free_Windows_64-9.5.0\Katalon_Studio_Free_Windows_64-9.5.0\configuration\resources\lib\repackaged-sikuli-api-1.0.2-standalone.jar;C:\Users\ASUS\.katalon\packages\Katalon_Studio_Free_Windows_64-9.5.0\Katalon_Studio_Free_Windows_64-9.5.0\configuration\resources\lib\selenium-leg-rc-3.141.59.jar;C:\Users\ASUS\.katalon\packages\Katalon_Studio_Free_Windows_64-9.5.0\Katalon_Studio_Free_Windows_64-9.5.0\configuration\resources\lib\selenium-server-standalone-3.141.59.jar;C:\Users\ASUS\.katalon\packages\Katalon_Studio_Free_Windows_64-9.5.0\Katalon_Studio_Free_Windows_64-9.5.0\configuration\resources\lib\selenium-shutterbug-1.1.jar;C:\Users\ASUS\.katalon\packages\Katalon_Studio_Free_Windows_64-9.5.0\Katalon_Studio_Free_Windows_64-9.5.0\configuration\resources\lib\slf4j-api-1.7.25.jar;C:\Users\ASUS\.katalon\packages\Katalon_Studio_Free_Windows_64-9.5.0\Katalon_Studio_Free_Windows_64-9.5.0\configuration\resources\lib\soap-builder-1.0.0.jar;C:\Users\ASUS\.katalon\packages\Katalon_Studio_Free_Windows_64-9.5.0\Katalon_Studio_Free_Windows_64-9.5.0\configuration\resources\lib\soap-common-1.0.0.jar;C:\Users\ASUS\.katalon\packages\Katalon_Studio_Free_Windows_64-9.5.0\Katalon_Studio_Free_Windows_64-9.5.0\configuration\resources\lib\soap-legacy-1.0.0.jar;C:\Users\ASUS\.katalon\packages\Katalon_Studio_Free_Windows_64-9.5.0\Katalon_Studio_Free_Windows_64-9.5.0\configuration\resources\lib\spring-context-5.3.19.jar;C:\Users\ASUS\.katalon\packages\Katalon_Studio_Free_Windows_64-9.5.0\Katalon_Studio_Free_Windows_64-9.5.0\configuration\resources\lib\stax2-api-4.0.0.jar;C:\Users\ASUS\.katalon\packages\Katalon_Studio_Free_Windows_64-9.5.0\Katalon_Studio_Free_Windows_64-9.5.0\configuration\resources\lib\su.jar;C:\Users\ASUS\.katalon\packages\Katalon_Studio_Free_Windows_64-9.5.0\Katalon_Studio_Free_Windows_64-9.5.0\configuration\resources\lib\testng-7.8.0.jar;C:\Users\ASUS\.katalon\packages\Katalon_Studio_Free_Windows_64-9.5.0\Katalon_Studio_Free_Windows_64-9.5.0\configuration\resources\lib\wadl.jar;C:\Users\ASUS\.katalon\packages\Katalon_Studio_Free_Windows_64-9.5.0\Katalon_Studio_Free_Windows_64-9.5.0\configuration\resources\lib\xmlbeans-3.1.0.jar;C:\Users\ASUS\.katalon\packages\Katalon_Studio_Free_Windows_64-9.5.0\Katalon_Studio_Free_Windows_64-9.5.0\plugins\net.sf.supercsv.super-csv_2.1.0.jar;C:\Users\ASUS\.katalon\packages\Katalon_Studio_Free_Windows_64-9.5.0\Katalon_Studio_Free_Windows_64-9.5.0\plugins\org.apache.commons.io_2.4.0.jar;C:\Users\ASUS\.katalon\packages\Katalon_Studio_Free_Windows_64-9.5.0\Katalon_Studio_Free_Windows_64-9.5.0\plugins\org.apache.commons.lang_2.6.0.jar;C:\Users\ASUS\.katalon\packages\Katalon_Studio_Free_Windows_64-9.5.0\Katalon_Studio_Free_Windows_64-9.5.0\plugins\com.google.gson_2.10.1.v20230109-0753.jar;C:\Users\ASUS\.katalon\packages\Katalon_Studio_Free_Windows_64-9.5.0\Katalon_Studio_Free_Windows_64-9.5.0\plugins\org.jsoup_1.14.3.jar;C:\Users\ASUS\.katalon\packages\Katalon_Studio_Free_Windows_64-9.5.0\Katalon_Studio_Free_Windows_64-9.5.0\plugins\org.apache.commons.dbutils_1.6.0.jar;C:\Users\ASUS\.katalon\packages\Katalon_Studio_Free_Windows_64-9.5.0\Katalon_Studio_Free_Windows_64-9.5.0\plugins\com.oracle.jdbc.ojdbc7_12.1.0.2.jar;C:\Users\ASUS\.katalon\packages\Katalon_Studio_Free_Windows_64-9.5.0\Katalon_Studio_Free_Windows_64-9.5.0\plugins\org.postgresql.jdbc_42.7.3.jar;c:\Users\ASUS\.katalon\packages\Katalon_Studio_Free_Windows_64-9.5.0\Katalon_Studio_Free_Windows_64-9.5.0\plugins\org.eclipse.osgi_3.18.300.v20230220-1352.jar;C:\Users\ASUS\.katalon\packages\Katalon_Studio_Free_Windows_64-9.5.0\Katalon_Studio_Free_Windows_64-9.5.0\plugins\com.kms.katalon.constant_1.0.0.202405291026.jar;C:\Users\ASUS\.katalon\packages\Katalon_Studio_Free_Windows_64-9.5.0\Katalon_Studio_Free_Windows_64-9.5.0\plugins\org.eclipse.persistence.eclipselink_2.7.11.jar;C:\Users\ASUS\.katalon\packages\Katalon_Studio_Free_Windows_64-9.5.0\Katalon_Studio_Free_Windows_64-9.5.0\plugins\com.kms.katalon.selenium-standalone_1.0.0.202405291026.jar;C:\Users\ASUS\.katalon\packages\Katalon_Studio_Free_Windows_64-9.5.0\Katalon_Studio_Free_Windows_64-9.5.0\plugins\atu.testrecorder.screen-recorder_2.1.0.jar;C:\Users\ASUS\.katalon\packages\Katalon_Studio_Free_Windows_64-9.5.0\Katalon_Studio_Free_Windows_64-9.5.0\plugins\com.google.guava_23.0.0.jar;C:\Users\ASUS\.katalon\packages\Katalon_Studio_Free_Windows_64-9.5.0\Katalon_Studio_Free_Windows_64-9.5.0\plugins\com.kms.katalon.util_1.0.0.202405291026.jar;C:\Users\ASUS\.katalon\packages\Katalon_Studio_Free_Windows_64-9.5.0\Katalon_Studio_Free_Windows_64-9.5.0\plugins\org.apache.httpcomponents.httpclient_4.5.14.v20221207-1049.jar;C:\Users\ASUS\.katalon\packages\Katalon_Studio_Free_Windows_64-9.5.0\Katalon_Studio_Free_Windows_64-9.5.0\plugins\org.apache.httpcomponents.httpcore_4.4.16.v20221207-1049.jar;C:\Users\ASUS\.katalon\packages\Katalon_Studio_Free_Windows_64-9.5.0\Katalon_Studio_Free_Windows_64-9.5.0\plugins\org.apache.httpcomponents.httpmime_4.5.13.jar;C:\Users\ASUS\.katalon\packages\Katalon_Studio_Free_Windows_64-9.5.0\Katalon_Studio_Free_Windows_64-9.5.0\plugins\org.apache.commons.lang3_3.14.0.jar;C:\Users\ASUS\.katalon\packages\Katalon_Studio_Free_Windows_64-9.5.0\Katalon_Studio_Free_Windows_64-9.5.0\plugins\org.greenrobot.eventbus_3.1.1.jar;C:\Users\ASUS\.katalon\packages\Katalon_Studio_Free_Windows_64-9.5.0\Katalon_Studio_Free_Windows_64-9.5.0\plugins\net.bytebuddy.byte-buddy_1.14.15.jar;C:\Users\ASUS\.katalon\packages\Katalon_Studio_Free_Windows_64-9.5.0\Katalon_Studio_Free_Windows_64-9.5.0\plugins\org.junit_4.13.2.v20211018-1956.jar;C:\Users\ASUS\.katalon\packages\Katalon_Studio_Free_Windows_64-9.5.0\Katalon_Studio_Free_Windows_64-9.5.0\plugins\com.fasterxml.jackson.core.jackson-databind_2.17.1.jar;C:\Users\ASUS\.katalon\packages\Katalon_Studio_Free_Windows_64-9.5.0\Katalon_Studio_Free_Windows_64-9.5.0\plugins\com.fasterxml.jackson.core.jackson-core_2.17.1.jar;C:\Users\ASUS\.katalon\packages\Katalon_Studio_Free_Windows_64-9.5.0\Katalon_Studio_Free_Windows_64-9.5.0\plugins\com.fasterxml.jackson.core.jackson-annotations_2.17.1.jar;C:\Users\ASUS\.katalon\packages\Katalon_Studio_Free_Windows_64-9.5.0\Katalon_Studio_Free_Windows_64-9.5.0\plugins\ch.qos.logback.classic_1.2.13.jar;C:\Users\ASUS\.katalon\packages\Katalon_Studio_Free_Windows_64-9.5.0\Katalon_Studio_Free_Windows_64-9.5.0\plugins\ch.qos.logback.core_1.2.13.jar;C:\Users\ASUS\.katalon\packages\Katalon_Studio_Free_Windows_64-9.5.0\Katalon_Studio_Free_Windows_64-9.5.0\plugins\slf4j.api_1.7.36.jar;C:\Users\ASUS\.katalon\packages\Katalon_Studio_Free_Windows_64-9.5.0\Katalon_Studio_Free_Windows_64-9.5.0\plugins\org.fusesource.jansi_1.17.1.jar;C:\Users\ASUS\.katalon\packages\Katalon_Studio_Free_Windows_64-9.5.0\Katalon_Studio_Free_Windows_64-9.5.0\plugins\com.kms.katalon.netlightbody_1.0.0.202405291026.jar;C:\Users\ASUS\.katalon\packages\Katalon_Studio_Free_Windows_64-9.5.0\Katalon_Studio_Free_Windows_64-9.5.0\plugins\com.kms.katalon.poi_1.0.0.202405291026.jar;C:\Users\ASUS\.katalon\packages\Katalon_Studio_Free_Windows_64-9.5.0\Katalon_Studio_Free_Windows_64-9.5.0\plugins\org.apache.commons.commons-text_1.10.0.jar;C:\Users\ASUS\.katalon\packages\Katalon_Studio_Free_Windows_64-9.5.0\Katalon_Studio_Free_Windows_64-9.5.0\plugins\com.kms.katalon.proxyvole_1.0.0.202405291026.jar;C:\Users\ASUS\.katalon\packages\Katalon_Studio_Free_Windows_64-9.5.0\Katalon_Studio_Free_Windows_64-9.5.0\plugins\com.microsoft.sqlserver.mssql-jdbc_6.2.2.jre8.jar;C:\Users\ASUS\.katalon\packages\Katalon_Studio_Free_Windows_64-9.5.0\Katalon_Studio_Free_Windows_64-9.5.0\plugins\com.github.kklisura.cdt.java-client_2.1.0.jar;C:\Users\ASUS\.katalon\packages\Katalon_Studio_Free_Windows_64-9.5.0\Katalon_Studio_Free_Windows_64-9.5.0\plugins\javax.websocket-api_1.1.0.jar;C:\Users\ASUS\.katalon\packages\Katalon_Studio_Free_Windows_64-9.5.0\Katalon_Studio_Free_Windows_64-9.5.0\plugins\org.glassfish.tyrus.container-grizzly-client_1.13.1.jar;C:\Users\ASUS\.katalon\packages\Katalon_Studio_Free_Windows_64-9.5.0\Katalon_Studio_Free_Windows_64-9.5.0\plugins\org.glassfish.grizzly.http-server_2.3.25.jar;C:\Users\ASUS\.katalon\packages\Katalon_Studio_Free_Windows_64-9.5.0\Katalon_Studio_Free_Windows_64-9.5.0\plugins\org.glassfish.grizzly.framework_2.3.25.jar;C:\Users\ASUS\.katalon\packages\Katalon_Studio_Free_Windows_64-9.5.0\Katalon_Studio_Free_Windows_64-9.5.0\plugins\org.glassfish.grizzly.http_2.3.25.jar;C:\Users\ASUS\.katalon\packages\Katalon_Studio_Free_Windows_64-9.5.0\Katalon_Studio_Free_Windows_64-9.5.0\plugins\org.glassfish.tyrus.client_1.13.1.jar;C:\Users\ASUS\.katalon\packages\Katalon_Studio_Free_Windows_64-9.5.0\Katalon_Studio_Free_Windows_64-9.5.0\plugins\org.glassfish.tyrus.core_1.13.1.jar;C:\Users\ASUS\.katalon\packages\Katalon_Studio_Free_Windows_64-9.5.0\Katalon_Studio_Free_Windows_64-9.5.0\plugins\org.glassfish.tyrus.spi_1.13.1.jar;C:\Users\ASUS\.katalon\packages\Katalon_Studio_Free_Windows_64-9.5.0\Katalon_Studio_Free_Windows_64-9.5.0\plugins\javassist_3.28.0.GA.jar;C:\Users\ASUS\.katalon\packages\Katalon_Studio_Free_Windows_64-9.5.0\Katalon_Studio_Free_Windows_64-9.5.0\plugins\graphql-java_17.5.0.jar;C:\Users\ASUS\.katalon\packages\Katalon_Studio_Free_Windows_64-9.5.0\Katalon_Studio_Free_Windows_64-9.5.0\plugins\org.glassfish.jaxb.runtime_2.3.6.jar;C:\Users\ASUS\.katalon\packages\Katalon_Studio_Free_Windows_64-9.5.0\Katalon_Studio_Free_Windows_64-9.5.0\plugins\org.glassfish.jaxb.txw2_2.3.6.jar;C:\Users\ASUS\.katalon\packages\Katalon_Studio_Free_Windows_64-9.5.0\Katalon_Studio_Free_Windows_64-9.5.0\plugins\org.dom4j_2.1.4.jar;C:\Users\ASUS\.katalon\packages\Katalon_Studio_Free_Windows_64-9.5.0\Katalon_Studio_Free_Windows_64-9.5.0\plugins\com.kms.katalon.groovy-extended_1.0.0.202405291026.jar;C:\Users\ASUS\.katalon\packages\Katalon_Studio_Free_Windows_64-9.5.0\Katalon_Studio_Free_Windows_64-9.5.0\plugins\com.sun.activation.javax.activation_1.2.0.jar;C:\Users\ASUS\.katalon\packages\Katalon_Studio_Free_Windows_64-9.5.0\Katalon_Studio_Free_Windows_64-9.5.0\plugins\jakarta.xml.bind-api_2.3.3.jar;C:\Users\ASUS\.katalon\packages\Katalon_Studio_Free_Windows_64-9.5.0\Katalon_Studio_Free_Windows_64-9.5.0\plugins\com.sun.xml.bind.jaxb-impl_2.3.6.jar;C:\Users\ASUS\.katalon\packages\Katalon_Studio_Free_Windows_64-9.5.0\Katalon_Studio_Free_Windows_64-9.5.0\plugins\org.eclipse.jface_3.29.0.v20230214-1401.jar;C:\Users\ASUS\.katalon\packages\Katalon_Studio_Free_Windows_64-9.5.0\Katalon_Studio_Free_Windows_64-9.5.0\plugins\com.kms.katalon.logging_1.0.0.202405291026.jar;C:\Users\ASUS\.katalon\packages\Katalon_Studio_Free_Windows_64-9.5.0\Katalon_Studio_Free_Windows_64-9.5.0\plugins\json_20240303.0.0.jar;C:\Users\ASUS\.katalon\packages\Katalon_Studio_Free_Windows_64-9.5.0\Katalon_Studio_Free_Windows_64-9.5.0\plugins\assertj-core_3.25.3.jar;C:\Users\ASUS\.katalon\packages\Katalon_Studio_Free_Windows_64-9.5.0\Katalon_Studio_Free_Windows_64-9.5.0\plugins\org.apache.commons.logging_1.2.0.v20180409-1502.jar;C:\Users\ASUS\.katalon\packages\Katalon_Studio_Free_Windows_64-9.5.0\Katalon_Studio_Free_Windows_64-9.5.0\plugins\org.hamcrest.core_1.3.0.v20180420-1519.jar;C:\Users\ASUS\.katalon\packages\Katalon_Studio_Free_Windows_64-9.5.0\Katalon_Studio_Free_Windows_64-9.5.0\plugins\org.beanshell.bsh_2.0.0.0b4.jar;C:\Users\ASUS\.katalon\packages\Katalon_Studio_Free_Windows_64-9.5.0\Katalon_Studio_Free_Windows_64-9.5.0\plugins\org.apache.ant.launcher_1.9.6.jar;C:\Users\ASUS\.katalon\packages\Katalon_Studio_Free_Windows_64-9.5.0\Katalon_Studio_Free_Windows_64-9.5.0\plugins\com.kms.katalon.core.appium_1.0.0.202405291026.jar;C:\Users\ASUS\.katalon\packages\Katalon_Studio_Free_Windows_64-9.5.0\Katalon_Studio_Free_Windows_64-9.5.0\plugins\com.kms.katalon.api_1.0.0.202405291026.jar;C:\Users\ASUS\.katalon\packages\Katalon_Studio_Free_Windows_64-9.5.0\Katalon_Studio_Free_Windows_64-9.5.0\plugins\org.eclipse.equinox.common_3.17.100.v20230202-1341.jar;C:\Users\ASUS\.katalon\packages\Katalon_Studio_Free_Windows_64-9.5.0\Katalon_Studio_Free_Windows_64-9.5.0\plugins\com.kms.katalon.testcloud.core_1.0.0.202405291026.jar;C:\Users\ASUS\.katalon\packages\Katalon_Studio_Free_Windows_64-9.5.0\Katalon_Studio_Free_Windows_64-9.5.0\plugins\org.eclipse.e4.core.di.annotations_1.7.200.v20220613-1008.jar;C:\Users\ASUS\.katalon\packages\Katalon_Studio_Free_Windows_64-9.5.0\Katalon_Studio_Free_Windows_64-9.5.0\plugins\org.eclipse.swt_3.123.0.v20230220-1431.jar;C:\Users\ASUS\.katalon\packages\Katalon_Studio_Free_Windows_64-9.5.0\Katalon_Studio_Free_Windows_64-9.5.0\plugins\com.kms.katalon.configuration.core_1.0.0.202405291026.jar;C:\Users\ASUS\.katalon\packages\Katalon_Studio_Free_Windows_64-9.5.0\Katalon_Studio_Free_Windows_64-9.5.0\plugins\org.semver4j_5.3.0.jar;C:\Users\ASUS\.katalon\packages\Katalon_Studio_Free_Windows_64-9.5.0\Katalon_Studio_Free_Windows_64-9.5.0\plugins\com.kms.katalon.core.webui_1.0.0.202405291026.jar;C:\Users\ASUS\.katalon\packages\Katalon_Studio_Free_Windows_64-9.5.0\Katalon_Studio_Free_Windows_64-9.5.0\plugins\org.eclipse.e4.core.contexts_1.11.0.v20220716-0839.jar;C:\Users\ASUS\.katalon\packages\Katalon_Studio_Free_Windows_64-9.5.0\Katalon_Studio_Free_Windows_64-9.5.0\plugins\org.eclipse.e4.core.services_2.3.400.v20220915-1347.jar;C:\Users\ASUS\.katalon\packages\Katalon_Studio_Free_Windows_64-9.5.0\Katalon_Studio_Free_Windows_64-9.5.0\plugins\com.kms.katalon.core.mobile_1.0.0.202405291026.jar;C:\Users\ASUS\.katalon\packages\Katalon_Studio_Free_Windows_64-9.5.0\Katalon_Studio_Free_Windows_64-9.5.0\plugins\org.apache.commons.commons-validator_1.7.0.jar;C:\Users\ASUS\.katalon\packages\Katalon_Studio_Free_Windows_64-9.5.0\Katalon_Studio_Free_Windows_64-9.5.0\plugins\com.kms.katalon.core.cucumber_1.0.0.202405291026.jar;C:\Users\ASUS\.katalon\packages\Katalon_Studio_Free_Windows_64-9.5.0\Katalon_Studio_Free_Windows_64-9.5.0\plugins\io.cucumber.core_3.0.3.jar;C:\Users\ASUS\.katalon\packages\Katalon_Studio_Free_Windows_64-9.5.0\Katalon_Studio_Free_Windows_64-9.5.0\plugins\io.cucumber.datatable_1.1.15.jar;C:\Users\ASUS\.katalon\packages\Katalon_Studio_Free_Windows_64-9.5.0\Katalon_Studio_Free_Windows_64-9.5.0\plugins\io.cucumber.datatable-dependencies_1.1.15.jar;C:\Users\ASUS\.katalon\packages\Katalon_Studio_Free_Windows_64-9.5.0\Katalon_Studio_Free_Windows_64-9.5.0\plugins\io.cucumber.expressions_5.0.19.jar;C:\Users\ASUS\.katalon\packages\Katalon_Studio_Free_Windows_64-9.5.0\Katalon_Studio_Free_Windows_64-9.5.0\plugins\io.cucumber.gherkin_5.0.0.jar;C:\Users\ASUS\.katalon\packages\Katalon_Studio_Free_Windows_64-9.5.0\Katalon_Studio_Free_Windows_64-9.5.0\plugins\io.cucumber.html_0.2.7.jar;C:\Users\ASUS\.katalon\packages\Katalon_Studio_Free_Windows_64-9.5.0\Katalon_Studio_Free_Windows_64-9.5.0\plugins\io.cucumber.java_3.0.3.jar;C:\Users\ASUS\.katalon\packages\Katalon_Studio_Free_Windows_64-9.5.0\Katalon_Studio_Free_Windows_64-9.5.0\plugins\io.cucumber.tag-expressions_1.1.1.jar;C:\Users\ASUS\.katalon\packages\Katalon_Studio_Free_Windows_64-9.5.0\Katalon_Studio_Free_Windows_64-9.5.0\plugins\io.cucumber.junit_3.0.3.jar;C:\Users\ASUS\.katalon\packages\Katalon_Studio_Free_Windows_64-9.5.0\Katalon_Studio_Free_Windows_64-9.5.0\plugins\com.kms.katalon.core.webservice_1.0.0.202405291026.jar;C:\Users\ASUS\.katalon\packages\Katalon_Studio_Free_Windows_64-9.5.0\Katalon_Studio_Free_Windows_64-9.5.0\plugins\wsdl4j_1.6.2.jar;C:\Users\ASUS\.katalon\packages\Katalon_Studio_Free_Windows_64-9.5.0\Katalon_Studio_Free_Windows_64-9.5.0\plugins\com.google.oauth-client.google-oauth-client_1.22.0.jar;C:\Users\ASUS\.katalon\packages\Katalon_Studio_Free_Windows_64-9.5.0\Katalon_Studio_Free_Windows_64-9.5.0\plugins\com.google.http-client.google-http-client_1.22.0.jar;C:\Users\ASUS\.katalon\packages\Katalon_Studio_Free_Windows_64-9.5.0\Katalon_Studio_Free_Windows_64-9.5.0\plugins\ca.juliusdavies.not-yet-commons-ssl_0.3.11.jar;C:\Users\ASUS\.katalon\packages\Katalon_Studio_Free_Windows_64-9.5.0\Katalon_Studio_Free_Windows_64-9.5.0\plugins\com.kms.katalon.preferences_1.0.0.202405291026.jar;C:\Users\ASUS\.katalon\packages\Katalon_Studio_Free_Windows_64-9.5.0\Katalon_Studio_Free_Windows_64-9.5.0\plugins\org.apache.xmlbeans_3.1.0.jar;C:\Users\ASUS\.katalon\packages\Katalon_Studio_Free_Windows_64-9.5.0\Katalon_Studio_Free_Windows_64-9.5.0\plugins\com.kms.katalon.entity_1.0.0.202405291026.jar;C:\Users\ASUS\.katalon\packages\Katalon_Studio_Free_Windows_64-9.5.0\Katalon_Studio_Free_Windows_64-9.5.0\plugins\org.antlr.antlr4-runtime_4.9.2.jar;C:\Users\ASUS\.katalon\packages\Katalon_Studio_Free_Windows_64-9.5.0\Katalon_Studio_Free_Windows_64-9.5.0\plugins\com.networknt.json-schema-validator_1.0.66.jar;C:\Users\ASUS\.katalon\packages\Katalon_Studio_Free_Windows_64-9.5.0\Katalon_Studio_Free_Windows_64-9.5.0\plugins\jakarta.xml.ws-api_2.3.3.jar;C:\Users\ASUS\.katalon\packages\Katalon_Studio_Free_Windows_64-9.5.0\Katalon_Studio_Free_Windows_64-9.5.0\plugins\javax.xml.soap-api_1.4.0.jar;C:\Users\ASUS\.katalon\packages\Katalon_Studio_Free_Windows_64-9.5.0\Katalon_Studio_Free_Windows_64-9.5.0\plugins\com.kms.katalon.core.windows_1.0.0.202405291026.jar;C:\Users\ASUS\.katalon\packages\Katalon_Studio_Free_Windows_64-9.5.0\Katalon_Studio_Free_Windows_64-9.5.0\plugins\com.kms.katalon.core.testng_1.0.0.202405291026.jar;C:\Users\ASUS\git\Suraj-Automation-WinMobileApp\Drivers\katalon-mobile-util-1.14.1.jar;C:\Users\ASUS\.katalon\packages\Katalon_Studio_Free_Windows_64-9.5.0\Katalon_Studio_Free_Windows_64-9.5.0\configuration\plugin\install\241136\1.0.0\customLogger-Plugin-all.jar;C:\Users\ASUS\.katalon\packages\Katalon_Studio_Free_Windows_64-9.5.0\Katalon_Studio_Free_Windows_64-9.5.0\configuration\org.eclipse.osgi\28\0\.cp\resources\basic-report\katalon-studio-report-plugin.jar;C:\Users\ASUS\.katalon\packages\Katalon_Studio_Free_Windows_64-9.5.0\Katalon_Studio_Free_Windows_64-9.5.0\plugins\org.codehaus.groovy_3.0.17.v202303311542-e2303\lib\groovy-3.0.17-indy.jar;C:\Users\ASUS\.katalon\packages\Katalon_Studio_Free_Windows_64-9.5.0\Katalon_Studio_Free_Windows_64-9.5.0\plugins\org.codehaus.groovy_3.0.17.v202303311542-e2303\lib\ivy-2.5.1.jar --main groovy.ui.GroovyMain --encoding UTF-8 --indy C:\Users\ASUS\git\Suraj-Automation-WinMobileApp\Libs\TempTestCase1732631462160.groovy

Host: 11th Gen Intel(R) Core(TM) i3-1115G4 @ 3.00GHz, 4 cores, 11G,  Windows 11 , 64 bit Build 22621 (10.0.22621.4391)
Time: Tue Nov 26 20:01:35 2024 India Standard Time elapsed time: 32.184599 seconds (0d 0h 0m 32s)

---------------  T H R E A D  ---------------

Current thread (0x000002a6fe791d20):  JavaThread "C2 CompilerThread0" daemon [_thread_in_native, id=2032, stack(0x000000b2b6900000,0x000000b2b6a00000)]


Current CompileTask:
C2:  32184 5718   !   4       java.util.jar.Attributes::read (494 bytes)

Stack: [0x000000b2b6900000,0x000000b2b6a00000]
Native frames: (J=compiled Java code, j=interpreted, Vv=VM code, C=native code)
V  [jvm.dll+0x67754a]
V  [jvm.dll+0x834304]
V  [jvm.dll+0x835aae]
V  [jvm.dll+0x836113]
V  [jvm.dll+0x24696f]
V  [jvm.dll+0xac0ac]
V  [jvm.dll+0xac67c]
V  [jvm.dll+0x364e37]
V  [jvm.dll+0x32f6b1]
V  [jvm.dll+0x32eb5a]
V  [jvm.dll+0x219641]
V  [jvm.dll+0x218a61]
V  [jvm.dll+0x1a4d8d]
V  [jvm.dll+0x2284da]
V  [jvm.dll+0x226615]
V  [jvm.dll+0x7ea90b]
V  [jvm.dll+0x7e4e7a]
V  [jvm.dll+0x676395]
C  [ucrtbase.dll+0x29333]
C  [KERNEL32.DLL+0x1259d]
C  [ntdll.dll+0x5af38]


---------------  P R O C E S S  ---------------

Threads class SMR info:
_java_thread_list=0x000002a698407890, length=20, elements={
0x000002a6f7f5c580, 0x000002a6fe72e720, 0x000002a6fe72f1e0, 0x000002a6fe74a9c0,
0x000002a6fe74ba90, 0x000002a6fe74e360, 0x000002a6fe74ec20, 0x000002a6fe791d20,
0x000002a6fe7e5d80, 0x000002a6fe3be7a0, 0x000002a6fea47e90, 0x000002a69705d560,
0x000002a6977168e0, 0x000002a6977155a0, 0x000002a697715f40, 0x000002a697716410,
0x000002a697714c00, 0x000002a697716db0, 0x000002a697717280, 0x000002a6985964c0
}

Java Threads: ( => current thread )
  0x000002a6f7f5c580 JavaThread "main" [_thread_in_vm, id=12692, stack(0x000000b2b5b00000,0x000000b2b5c00000)]
  0x000002a6fe72e720 JavaThread "Reference Handler" daemon [_thread_blocked, id=7780, stack(0x000000b2b6300000,0x000000b2b6400000)]
  0x000002a6fe72f1e0 JavaThread "Finalizer" daemon [_thread_blocked, id=7816, stack(0x000000b2b6400000,0x000000b2b6500000)]
  0x000002a6fe74a9c0 JavaThread "Signal Dispatcher" daemon [_thread_blocked, id=7504, stack(0x000000b2b6500000,0x000000b2b6600000)]
  0x000002a6fe74ba90 JavaThread "Attach Listener" daemon [_thread_blocked, id=12768, stack(0x000000b2b6600000,0x000000b2b6700000)]
  0x000002a6fe74e360 JavaThread "Service Thread" daemon [_thread_blocked, id=9024, stack(0x000000b2b6700000,0x000000b2b6800000)]
  0x000002a6fe74ec20 JavaThread "Monitor Deflation Thread" daemon [_thread_blocked, id=20760, stack(0x000000b2b6800000,0x000000b2b6900000)]
=>0x000002a6fe791d20 JavaThread "C2 CompilerThread0" daemon [_thread_in_native, id=2032, stack(0x000000b2b6900000,0x000000b2b6a00000)]
  0x000002a6fe7e5d80 JavaThread "C1 CompilerThread0" daemon [_thread_blocked, id=6872, stack(0x000000b2b6a00000,0x000000b2b6b00000)]
  0x000002a6fe3be7a0 JavaThread "Sweeper thread" daemon [_thread_blocked, id=4652, stack(0x000000b2b6b00000,0x000000b2b6c00000)]
  0x000002a6fea47e90 JavaThread "Common-Cleaner" daemon [_thread_blocked, id=1628, stack(0x000000b2b6c00000,0x000000b2b6d00000)]
  0x000002a69705d560 JavaThread "Notification Thread" daemon [_thread_blocked, id=5304, stack(0x000000b2b7100000,0x000000b2b7200000)]
  0x000002a6977168e0 JavaThread "Thread-0" [_thread_blocked, id=13052, stack(0x000000b2b7300000,0x000000b2b7400000)]
  0x000002a6977155a0 JavaThread "UrlChecker-2" daemon [_thread_blocked, id=19004, stack(0x000000b2b7400000,0x000000b2b7500000)]
  0x000002a697715f40 JavaThread "ForkJoinPool.commonPool-worker-1" daemon [_thread_blocked, id=2088, stack(0x000000b2b7800000,0x000000b2b7900000)]
  0x000002a697716410 JavaThread "ForkJoinPool.commonPool-worker-2" daemon [_thread_blocked, id=20944, stack(0x000000b2b7900000,0x000000b2b7a00000)]
  0x000002a697714c00 JavaThread "ForkJoinPool.commonPool-worker-3" daemon [_thread_blocked, id=21536, stack(0x000000b2b7a00000,0x000000b2b7b00000)]
  0x000002a697716db0 JavaThread "OkHttp ConnectionPool" daemon [_thread_blocked, id=16908, stack(0x000000b2b7b00000,0x000000b2b7c00000)]
  0x000002a697717280 JavaThread "Okio Watchdog" daemon [_thread_blocked, id=2344, stack(0x000000b2b7c00000,0x000000b2b7d00000)]
  0x000002a6985964c0 JavaThread "C2 CompilerThread1" daemon [_thread_blocked, id=19800, stack(0x000000b2b7600000,0x000000b2b7700000)]

Other Threads:
  0x000002a6fe3ab060 VMThread "VM Thread" [stack: 0x000000b2b6200000,0x000000b2b6300000] [id=21216]
  0x000002a6f7f5d200 WatcherThread [stack: 0x000000b2b7200000,0x000000b2b7300000] [id=12400]
  0x000002a6f7fb6b60 GCTaskThread "GC Thread#0" [stack: 0x000000b2b5d00000,0x000000b2b5e00000] [id=6124]
  0x000002a6fee92dd0 GCTaskThread "GC Thread#1" [stack: 0x000000b2b6e00000,0x000000b2b6f00000] [id=4044]
  0x000002a6fee93080 GCTaskThread "GC Thread#2" [stack: 0x000000b2b6f00000,0x000000b2b7000000] [id=20528]
  0x000002a6fee93330 GCTaskThread "GC Thread#3" [stack: 0x000000b2b7000000,0x000000b2b7100000] [id=15648]
  0x000002a6f7fc7aa0 ConcurrentGCThread "G1 Main Marker" [stack: 0x000000b2b5e00000,0x000000b2b5f00000] [id=14184]
  0x000002a6f7fc8c50 ConcurrentGCThread "G1 Conc#0" [stack: 0x000000b2b5f00000,0x000000b2b6000000] [id=20992]
  0x000002a6fe25be70 ConcurrentGCThread "G1 Refine#0" [stack: 0x000000b2b6000000,0x000000b2b6100000] [id=21032]
  0x000002a6fe25c7a0 ConcurrentGCThread "G1 Service" [stack: 0x000000b2b6100000,0x000000b2b6200000] [id=20780]

Threads with active compile tasks:
C2 CompilerThread0    32205 5718   !   4       java.util.jar.Attributes::read (494 bytes)

VM state: not at safepoint (normal execution)

VM Mutex/Monitor currently owned by a thread: None

Heap address: 0x0000000080000000, size: 2048 MB, Compressed Oops mode: 32-bit

CDS archive(s) not mapped
Compressed class space mapped at: 0x0000000100000000-0x0000000140000000, reserved size: 1073741824
Narrow klass base: 0x0000000000000000, Narrow klass shift: 3, Narrow klass range: 0x140000000

GC Precious Log:
 CPUs: 4 total, 4 available
 Memory: 11982M
 Large Page Support: Disabled
 NUMA Support: Disabled
 Compressed Oops: Enabled (32-bit)
 Heap Region Size: 1M
 Heap Min Capacity: 8M
 Heap Initial Capacity: 188M
 Heap Max Capacity: 2G
 Pre-touch: Disabled
 Parallel Workers: 4
 Concurrent Workers: 1
 Concurrent Refinement Workers: 4
 Periodic GC: Disabled

Heap:
 garbage-first heap   total 109568K, used 51769K [0x0000000080000000, 0x0000000100000000)
  region size 1024K, 19 young (19456K), 5 survivors (5120K)
 Metaspace       used 44642K, committed 45184K, reserved 1114112K
  class space    used 4938K, committed 5184K, reserved 1048576K

Heap Regions: E=young(eden), S=young(survivor), O=old, HS=humongous(starts), HC=humongous(continues), CS=collection set, F=free, OA=open archive, CA=closed archive, TAMS=top-at-mark-start (previous, next)
|   0|0x0000000080000000, 0x0000000080100000, 0x0000000080100000|100%|HS|  |TAMS 0x0000000080100000, 0x0000000080000000| Complete 
|   1|0x0000000080100000, 0x0000000080200000, 0x0000000080200000|100%|HS|  |TAMS 0x0000000080200000, 0x0000000080100000| Complete 
|   2|0x0000000080200000, 0x0000000080300000, 0x0000000080300000|100%| O|  |TAMS 0x0000000080300000, 0x0000000080200000| Untracked 
|   3|0x0000000080300000, 0x0000000080400000, 0x0000000080400000|100%| O|  |TAMS 0x0000000080400000, 0x0000000080300000| Untracked 
|   4|0x0000000080400000, 0x0000000080500000, 0x0000000080500000|100%| O|  |TAMS 0x0000000080500000, 0x0000000080400000| Untracked 
|   5|0x0000000080500000, 0x0000000080600000, 0x0000000080600000|100%| O|  |TAMS 0x0000000080600000, 0x0000000080500000| Untracked 
|   6|0x0000000080600000, 0x0000000080700000, 0x0000000080700000|100%| O|  |TAMS 0x0000000080700000, 0x0000000080600000| Untracked 
|   7|0x0000000080700000, 0x0000000080800000, 0x0000000080800000|100%| O|  |TAMS 0x0000000080800000, 0x0000000080700000| Untracked 
|   8|0x0000000080800000, 0x0000000080900000, 0x0000000080900000|100%| O|  |TAMS 0x0000000080900000, 0x0000000080800000| Untracked 
|   9|0x0000000080900000, 0x0000000080a00000, 0x0000000080a00000|100%|HS|  |TAMS 0x0000000080a00000, 0x0000000080900000| Complete 
|  10|0x0000000080a00000, 0x0000000080b00000, 0x0000000080b00000|100%| O|  |TAMS 0x0000000080b00000, 0x0000000080a00000| Untracked 
|  11|0x0000000080b00000, 0x0000000080c00000, 0x0000000080c00000|100%| O|  |TAMS 0x0000000080c00000, 0x0000000080b00000| Untracked 
|  12|0x0000000080c00000, 0x0000000080d00000, 0x0000000080d00000|100%| O|  |TAMS 0x0000000080d00000, 0x0000000080c00000| Untracked 
|  13|0x0000000080d00000, 0x0000000080de5000, 0x0000000080e00000| 89%| O|  |TAMS 0x0000000080de5000, 0x0000000080d00000| Untracked 
|  14|0x0000000080e00000, 0x0000000080f00000, 0x0000000080f00000|100%| O|  |TAMS 0x0000000080f00000, 0x0000000080e00000| Untracked 
|  15|0x0000000080f00000, 0x0000000081000000, 0x0000000081000000|100%| O|  |TAMS 0x0000000081000000, 0x0000000080f00000| Untracked 
|  16|0x0000000081000000, 0x0000000081100000, 0x0000000081100000|100%| O|  |TAMS 0x0000000081100000, 0x0000000081000000| Untracked 
|  17|0x0000000081100000, 0x0000000081200000, 0x0000000081200000|100%| O|  |TAMS 0x0000000081200000, 0x0000000081100000| Untracked 
|  18|0x0000000081200000, 0x0000000081300000, 0x0000000081300000|100%| O|  |TAMS 0x0000000081300000, 0x0000000081200000| Untracked 
|  19|0x0000000081300000, 0x0000000081400000, 0x0000000081400000|100%| O|  |TAMS 0x0000000081400000, 0x0000000081300000| Untracked 
|  20|0x0000000081400000, 0x0000000081500000, 0x0000000081500000|100%| O|  |TAMS 0x0000000081500000, 0x0000000081400000| Untracked 
|  21|0x0000000081500000, 0x0000000081600000, 0x0000000081600000|100%| O|  |TAMS 0x0000000081600000, 0x0000000081500000| Untracked 
|  22|0x0000000081600000, 0x0000000081700000, 0x0000000081700000|100%| O|  |TAMS 0x0000000081700000, 0x0000000081600000| Untracked 
|  23|0x0000000081700000, 0x0000000081800000, 0x0000000081800000|100%| O|  |TAMS 0x0000000081800000, 0x0000000081700000| Untracked 
|  24|0x0000000081800000, 0x0000000081900000, 0x0000000081900000|100%| O|  |TAMS 0x0000000081900000, 0x0000000081800000| Untracked 
|  25|0x0000000081900000, 0x0000000081a00000, 0x0000000081a00000|100%| O|  |TAMS 0x0000000081a00000, 0x0000000081900000| Untracked 
|  26|0x0000000081a00000, 0x0000000081b00000, 0x0000000081b00000|100%| O|  |TAMS 0x0000000081b00000, 0x0000000081a00000| Untracked 
|  27|0x0000000081b00000, 0x0000000081c00000, 0x0000000081c00000|100%| O|  |TAMS 0x0000000081c00000, 0x0000000081b00000| Untracked 
|  28|0x0000000081c00000, 0x0000000081d00000, 0x0000000081d00000|100%| O|  |TAMS 0x0000000081d00000, 0x0000000081c00000| Untracked 
|  29|0x0000000081d00000, 0x0000000081e00000, 0x0000000081e00000|100%| O|  |TAMS 0x0000000081e00000, 0x0000000081d00000| Untracked 
|  30|0x0000000081e00000, 0x0000000081f00000, 0x0000000081f00000|100%| O|  |TAMS 0x0000000081f00000, 0x0000000081e00000| Untracked 
|  31|0x0000000081f00000, 0x0000000082000000, 0x0000000082000000|100%| O|  |TAMS 0x0000000082000000, 0x0000000081f00000| Untracked 
|  32|0x0000000082000000, 0x00000000820a9600, 0x0000000082100000| 66%| O|  |TAMS 0x00000000820a9600, 0x0000000082000000| Untracked 
|  33|0x0000000082100000, 0x0000000082100000, 0x0000000082200000|  0%| F|  |TAMS 0x0000000082100000, 0x0000000082100000| Untracked 
|  34|0x0000000082200000, 0x0000000082200000, 0x0000000082300000|  0%| F|  |TAMS 0x0000000082200000, 0x0000000082200000| Untracked 
|  35|0x0000000082300000, 0x0000000082300000, 0x0000000082400000|  0%| F|  |TAMS 0x0000000082300000, 0x0000000082300000| Untracked 
|  36|0x0000000082400000, 0x0000000082400000, 0x0000000082500000|  0%| F|  |TAMS 0x0000000082400000, 0x0000000082400000| Untracked 
|  37|0x0000000082500000, 0x0000000082500000, 0x0000000082600000|  0%| F|  |TAMS 0x0000000082500000, 0x0000000082500000| Untracked 
|  38|0x0000000082600000, 0x0000000082600000, 0x0000000082700000|  0%| F|  |TAMS 0x0000000082600000, 0x0000000082600000| Untracked 
|  39|0x0000000082700000, 0x0000000082700000, 0x0000000082800000|  0%| F|  |TAMS 0x0000000082700000, 0x0000000082700000| Untracked 
|  40|0x0000000082800000, 0x0000000082800000, 0x0000000082900000|  0%| F|  |TAMS 0x0000000082800000, 0x0000000082800000| Untracked 
|  41|0x0000000082900000, 0x0000000082900000, 0x0000000082a00000|  0%| F|  |TAMS 0x0000000082900000, 0x0000000082900000| Untracked 
|  42|0x0000000082a00000, 0x0000000082a00000, 0x0000000082b00000|  0%| F|  |TAMS 0x0000000082a00000, 0x0000000082a00000| Untracked 
|  43|0x0000000082b00000, 0x0000000082b00000, 0x0000000082c00000|  0%| F|  |TAMS 0x0000000082b00000, 0x0000000082b00000| Untracked 
|  44|0x0000000082c00000, 0x0000000082c00000, 0x0000000082d00000|  0%| F|  |TAMS 0x0000000082c00000, 0x0000000082c00000| Untracked 
|  45|0x0000000082d00000, 0x0000000082d00000, 0x0000000082e00000|  0%| F|  |TAMS 0x0000000082d00000, 0x0000000082d00000| Untracked 
|  46|0x0000000082e00000, 0x0000000082f00000, 0x0000000082f00000|100%| S|CS|TAMS 0x0000000082e00000, 0x0000000082e00000| Complete 
|  47|0x0000000082f00000, 0x0000000083000000, 0x0000000083000000|100%| S|CS|TAMS 0x0000000082f00000, 0x0000000082f00000| Complete 
|  48|0x0000000083000000, 0x0000000083100000, 0x0000000083100000|100%| S|CS|TAMS 0x0000000083000000, 0x0000000083000000| Complete 
|  49|0x0000000083100000, 0x0000000083200000, 0x0000000083200000|100%| S|CS|TAMS 0x0000000083100000, 0x0000000083100000| Complete 
|  50|0x0000000083200000, 0x0000000083300000, 0x0000000083300000|100%| S|CS|TAMS 0x0000000083200000, 0x0000000083200000| Complete 
|  51|0x0000000083300000, 0x0000000083300000, 0x0000000083400000|  0%| F|  |TAMS 0x0000000083300000, 0x0000000083300000| Untracked 
|  52|0x0000000083400000, 0x0000000083400000, 0x0000000083500000|  0%| F|  |TAMS 0x0000000083400000, 0x0000000083400000| Untracked 
|  53|0x0000000083500000, 0x0000000083500000, 0x0000000083600000|  0%| F|  |TAMS 0x0000000083500000, 0x0000000083500000| Untracked 
|  54|0x0000000083600000, 0x0000000083600000, 0x0000000083700000|  0%| F|  |TAMS 0x0000000083600000, 0x0000000083600000| Untracked 
|  55|0x0000000083700000, 0x0000000083700000, 0x0000000083800000|  0%| F|  |TAMS 0x0000000083700000, 0x0000000083700000| Untracked 
|  56|0x0000000083800000, 0x0000000083800000, 0x0000000083900000|  0%| F|  |TAMS 0x0000000083800000, 0x0000000083800000| Untracked 
|  57|0x0000000083900000, 0x0000000083900000, 0x0000000083a00000|  0%| F|  |TAMS 0x0000000083900000, 0x0000000083900000| Untracked 
|  58|0x0000000083a00000, 0x0000000083a00000, 0x0000000083b00000|  0%| F|  |TAMS 0x0000000083a00000, 0x0000000083a00000| Untracked 
|  59|0x0000000083b00000, 0x0000000083b00000, 0x0000000083c00000|  0%| F|  |TAMS 0x0000000083b00000, 0x0000000083b00000| Untracked 
|  60|0x0000000083c00000, 0x0000000083c00000, 0x0000000083d00000|  0%| F|  |TAMS 0x0000000083c00000, 0x0000000083c00000| Untracked 
|  61|0x0000000083d00000, 0x0000000083d00000, 0x0000000083e00000|  0%| F|  |TAMS 0x0000000083d00000, 0x0000000083d00000| Untracked 
|  62|0x0000000083e00000, 0x0000000083e00000, 0x0000000083f00000|  0%| F|  |TAMS 0x0000000083e00000, 0x0000000083e00000| Untracked 
|  63|0x0000000083f00000, 0x0000000083f00000, 0x0000000084000000|  0%| F|  |TAMS 0x0000000083f00000, 0x0000000083f00000| Untracked 
|  64|0x0000000084000000, 0x0000000084000000, 0x0000000084100000|  0%| F|  |TAMS 0x0000000084000000, 0x0000000084000000| Untracked 
|  65|0x0000000084100000, 0x0000000084100000, 0x0000000084200000|  0%| F|  |TAMS 0x0000000084100000, 0x0000000084100000| Untracked 
|  66|0x0000000084200000, 0x0000000084200000, 0x0000000084300000|  0%| F|  |TAMS 0x0000000084200000, 0x0000000084200000| Untracked 
|  67|0x0000000084300000, 0x0000000084300000, 0x0000000084400000|  0%| F|  |TAMS 0x0000000084300000, 0x0000000084300000| Untracked 
|  68|0x0000000084400000, 0x0000000084400000, 0x0000000084500000|  0%| F|  |TAMS 0x0000000084400000, 0x0000000084400000| Untracked 
|  69|0x0000000084500000, 0x0000000084500000, 0x0000000084600000|  0%| F|  |TAMS 0x0000000084500000, 0x0000000084500000| Untracked 
|  70|0x0000000084600000, 0x0000000084600000, 0x0000000084700000|  0%| F|  |TAMS 0x0000000084600000, 0x0000000084600000| Untracked 
|  71|0x0000000084700000, 0x0000000084700000, 0x0000000084800000|  0%| F|  |TAMS 0x0000000084700000, 0x0000000084700000| Untracked 
|  72|0x0000000084800000, 0x0000000084800000, 0x0000000084900000|  0%| F|  |TAMS 0x0000000084800000, 0x0000000084800000| Untracked 
|  73|0x0000000084900000, 0x0000000084900000, 0x0000000084a00000|  0%| F|  |TAMS 0x0000000084900000, 0x0000000084900000| Untracked 
|  74|0x0000000084a00000, 0x0000000084a00000, 0x0000000084b00000|  0%| F|  |TAMS 0x0000000084a00000, 0x0000000084a00000| Untracked 
|  75|0x0000000084b00000, 0x0000000084b00000, 0x0000000084c00000|  0%| F|  |TAMS 0x0000000084b00000, 0x0000000084b00000| Untracked 
|  76|0x0000000084c00000, 0x0000000084c00000, 0x0000000084d00000|  0%| F|  |TAMS 0x0000000084c00000, 0x0000000084c00000| Untracked 
|  77|0x0000000084d00000, 0x0000000084d00000, 0x0000000084e00000|  0%| F|  |TAMS 0x0000000084d00000, 0x0000000084d00000| Untracked 
|  78|0x0000000084e00000, 0x0000000084e00000, 0x0000000084f00000|  0%| F|  |TAMS 0x0000000084e00000, 0x0000000084e00000| Untracked 
|  79|0x0000000084f00000, 0x0000000084f00000, 0x0000000085000000|  0%| F|  |TAMS 0x0000000084f00000, 0x0000000084f00000| Untracked 
|  80|0x0000000085000000, 0x0000000085000000, 0x0000000085100000|  0%| F|  |TAMS 0x0000000085000000, 0x0000000085000000| Untracked 
|  81|0x0000000085100000, 0x0000000085100000, 0x0000000085200000|  0%| F|  |TAMS 0x0000000085100000, 0x0000000085100000| Untracked 
|  82|0x0000000085200000, 0x0000000085200000, 0x0000000085300000|  0%| F|  |TAMS 0x0000000085200000, 0x0000000085200000| Untracked 
|  83|0x0000000085300000, 0x0000000085300000, 0x0000000085400000|  0%| F|  |TAMS 0x0000000085300000, 0x0000000085300000| Untracked 
|  84|0x0000000085400000, 0x0000000085400000, 0x0000000085500000|  0%| F|  |TAMS 0x0000000085400000, 0x0000000085400000| Untracked 
|  85|0x0000000085500000, 0x0000000085500000, 0x0000000085600000|  0%| F|  |TAMS 0x0000000085500000, 0x0000000085500000| Untracked 
|  86|0x0000000085600000, 0x0000000085600000, 0x0000000085700000|  0%| F|  |TAMS 0x0000000085600000, 0x0000000085600000| Untracked 
|  87|0x0000000085700000, 0x0000000085700000, 0x0000000085800000|  0%| F|  |TAMS 0x0000000085700000, 0x0000000085700000| Untracked 
|  88|0x0000000085800000, 0x0000000085800000, 0x0000000085900000|  0%| F|  |TAMS 0x0000000085800000, 0x0000000085800000| Untracked 
|  89|0x0000000085900000, 0x0000000085900000, 0x0000000085a00000|  0%| F|  |TAMS 0x0000000085900000, 0x0000000085900000| Untracked 
|  90|0x0000000085a00000, 0x0000000085a00000, 0x0000000085b00000|  0%| F|  |TAMS 0x0000000085a00000, 0x0000000085a00000| Untracked 
|  91|0x0000000085b00000, 0x0000000085b00000, 0x0000000085c00000|  0%| F|  |TAMS 0x0000000085b00000, 0x0000000085b00000| Untracked 
|  92|0x0000000085c00000, 0x0000000085c00000, 0x0000000085d00000|  0%| F|  |TAMS 0x0000000085c00000, 0x0000000085c00000| Untracked 
|  93|0x0000000085d00000, 0x0000000085d80800, 0x0000000085e00000| 50%| E|  |TAMS 0x0000000085d00000, 0x0000000085d00000| Complete 
|  94|0x0000000085e00000, 0x0000000085f00000, 0x0000000085f00000|100%| E|CS|TAMS 0x0000000085e00000, 0x0000000085e00000| Complete 
|  95|0x0000000085f00000, 0x0000000086000000, 0x0000000086000000|100%| E|CS|TAMS 0x0000000085f00000, 0x0000000085f00000| Complete 
|  96|0x0000000086000000, 0x0000000086100000, 0x0000000086100000|100%| E|CS|TAMS 0x0000000086000000, 0x0000000086000000| Complete 
|  97|0x0000000086100000, 0x0000000086200000, 0x0000000086200000|100%| E|CS|TAMS 0x0000000086100000, 0x0000000086100000| Complete 
|  98|0x0000000086200000, 0x0000000086300000, 0x0000000086300000|100%| E|CS|TAMS 0x0000000086200000, 0x0000000086200000| Complete 
| 108|0x0000000086c00000, 0x0000000086d00000, 0x0000000086d00000|100%| E|CS|TAMS 0x0000000086c00000, 0x0000000086c00000| Complete 
| 109|0x0000000086d00000, 0x0000000086e00000, 0x0000000086e00000|100%| E|CS|TAMS 0x0000000086d00000, 0x0000000086d00000| Complete 
| 110|0x0000000086e00000, 0x0000000086f00000, 0x0000000086f00000|100%| E|CS|TAMS 0x0000000086e00000, 0x0000000086e00000| Complete 
| 111|0x0000000086f00000, 0x0000000087000000, 0x0000000087000000|100%| E|CS|TAMS 0x0000000086f00000, 0x0000000086f00000| Complete 
| 112|0x0000000087000000, 0x0000000087100000, 0x0000000087100000|100%| E|CS|TAMS 0x0000000087000000, 0x0000000087000000| Complete 
| 113|0x0000000087100000, 0x0000000087200000, 0x0000000087200000|100%| E|CS|TAMS 0x0000000087100000, 0x0000000087100000| Complete 
| 114|0x0000000087200000, 0x0000000087300000, 0x0000000087300000|100%| E|CS|TAMS 0x0000000087200000, 0x0000000087200000| Complete 
| 187|0x000000008bb00000, 0x000000008bc00000, 0x000000008bc00000|100%| E|CS|TAMS 0x000000008bb00000, 0x000000008bb00000| Complete 

Card table byte_map: [0x000002a6fb9c0000,0x000002a6fbdc0000] _byte_map_base: 0x000002a6fb5c0000

Marking Bits (Prev, Next): (CMBitMap*) 0x000002a6f7fb7170, (CMBitMap*) 0x000002a6f7fb71b0
 Prev Bits: [0x000002a6fc1c0000, 0x000002a6fe1c0000)
 Next Bits: [0x000002a68f000000, 0x000002a691000000)

Polling page: 0x000002a6f5e40000

Metaspace:

Usage:
  Non-class:     38.79 MB used.
      Class:      4.83 MB used.
       Both:     43.62 MB used.

Virtual space:
  Non-class space:       64.00 MB reserved,      39.06 MB ( 61%) committed,  1 nodes.
      Class space:        1.00 GB reserved,       5.06 MB ( <1%) committed,  1 nodes.
             Both:        1.06 GB reserved,      44.12 MB (  4%) committed. 

Chunk freelists:
   Non-Class:  8.34 MB
       Class:  10.94 MB
        Both:  19.28 MB

MaxMetaspaceSize: unlimited
CompressedClassSpaceSize: 1.00 GB
Initial GC threshold: 21.00 MB
Current GC threshold: 58.69 MB
CDS: off
MetaspaceReclaimPolicy: balanced
 - commit_granule_bytes: 65536.
 - commit_granule_words: 8192.
 - virtual_space_node_default_size: 8388608.
 - enlarge_chunks_in_place: 1.
 - new_chunks_are_fully_committed: 0.
 - uncommit_free_chunks: 1.
 - use_allocation_guard: 0.
 - handle_deallocations: 1.


Internal statistics:

num_allocs_failed_limit: 6.
num_arena_births: 692.
num_arena_deaths: 0.
num_vsnodes_births: 2.
num_vsnodes_deaths: 0.
num_space_committed: 706.
num_space_uncommitted: 0.
num_chunks_returned_to_freelist: 6.
num_chunks_taken_from_freelist: 1814.
num_chunk_merges: 3.
num_chunk_splits: 1207.
num_chunks_enlarged: 796.
num_inconsistent_stats: 0.

CodeHeap 'non-profiled nmethods': size=120000Kb used=3580Kb max_used=3580Kb free=116419Kb
 bounds [0x000002a687ad0000, 0x000002a687e50000, 0x000002a68f000000]
CodeHeap 'profiled nmethods': size=120000Kb used=9576Kb max_used=9576Kb free=110424Kb
 bounds [0x000002a680000000, 0x000002a680960000, 0x000002a687530000]
CodeHeap 'non-nmethods': size=5760Kb used=2324Kb max_used=2371Kb free=3435Kb
 bounds [0x000002a687530000, 0x000002a6877a0000, 0x000002a687ad0000]
 total_blobs=5835 nmethods=5006 adapters=740
 compilation: enabled
              stopped_count=0, restarted_count=0
 full_count=0

Compilation events (20 events):
Event: 32.140 Thread 0x000002a6985964c0 5740       4       jdk.internal.org.objectweb.asm.ByteVector::putInt (74 bytes)
Event: 32.141 Thread 0x000002a6985964c0 nmethod 5740 0x000002a687e4c390 code [0x000002a687e4c500, 0x000002a687e4c658]
Event: 32.145 Thread 0x000002a6fe7e5d80 5741       3       java.util.LinkedHashSet::<init> (10 bytes)
Event: 32.145 Thread 0x000002a6fe7e5d80 nmethod 5741 0x000002a680948690 code [0x000002a680948860, 0x000002a6809489a8]
Event: 32.145 Thread 0x000002a6fe7e5d80 5742       3       java.io.BufferedReader::fill (170 bytes)
Event: 32.145 Thread 0x000002a6fe7e5d80 nmethod 5742 0x000002a680948a90 code [0x000002a680948c80, 0x000002a680949328]
Event: 32.148 Thread 0x000002a6fe7e5d80 5743       3       sun.net.www.MessageHeader::<init> (9 bytes)
Event: 32.148 Thread 0x000002a6fe7e5d80 nmethod 5743 0x000002a680949510 code [0x000002a6809496c0, 0x000002a680949848]
Event: 32.151 Thread 0x000002a6fe7e5d80 5744       3       java.io.WinNTFileSystem::prefixLength (91 bytes)
Event: 32.152 Thread 0x000002a6fe7e5d80 nmethod 5744 0x000002a680949910 code [0x000002a680949c40, 0x000002a68094b0b8]
Event: 32.152 Thread 0x000002a6fe7e5d80 5745       3       sun.nio.fs.WindowsPath::checkRead (17 bytes)
Event: 32.152 Thread 0x000002a6fe7e5d80 nmethod 5745 0x000002a68094b790 code [0x000002a68094b940, 0x000002a68094bcc8]
Event: 32.160 Thread 0x000002a6985964c0 5746       4       java.util.jar.JarFile::getEntry (35 bytes)
Event: 32.160 Thread 0x000002a6fe7e5d80 5747       3       java.lang.Integer::stringSize (47 bytes)
Event: 32.160 Thread 0x000002a6fe7e5d80 nmethod 5747 0x000002a68094be10 code [0x000002a68094bfc0, 0x000002a68094c218]
Event: 32.172 Thread 0x000002a6fe7e5d80 5748       3       java.lang.Integer::getChars (131 bytes)
Event: 32.172 Thread 0x000002a6fe7e5d80 nmethod 5748 0x000002a68094c310 code [0x000002a68094c4e0, 0x000002a68094c918]
Event: 32.175 Thread 0x000002a6fe7e5d80 5749       3       java.lang.AbstractStringBuilder::append (55 bytes)
Event: 32.175 Thread 0x000002a6fe7e5d80 nmethod 5749 0x000002a68094cb90 code [0x000002a68094cd60, 0x000002a68094d098]
Event: 32.178 Thread 0x000002a6985964c0 nmethod 5746 0x000002a687e4c790 code [0x000002a687e4c9c0, 0x000002a687e4df70]

GC Heap History (20 events):
Event: 4.280 GC heap before
{Heap before GC invocations=6 (full 0):
 garbage-first heap   total 75776K, used 51717K [0x0000000080000000, 0x0000000100000000)
  region size 1024K, 31 young (31744K), 2 survivors (2048K)
 Metaspace       used 24247K, committed 24512K, reserved 1114112K
  class space    used 2504K, committed 2624K, reserved 1048576K
}
Event: 4.285 GC heap after
{Heap after GC invocations=7 (full 0):
 garbage-first heap   total 75776K, used 23473K [0x0000000080000000, 0x0000000100000000)
  region size 1024K, 3 young (3072K), 3 survivors (3072K)
 Metaspace       used 24247K, committed 24512K, reserved 1114112K
  class space    used 2504K, committed 2624K, reserved 1048576K
}
Event: 5.298 GC heap before
{Heap before GC invocations=7 (full 0):
 garbage-first heap   total 75776K, used 54193K [0x0000000080000000, 0x0000000100000000)
  region size 1024K, 33 young (33792K), 3 survivors (3072K)
 Metaspace       used 30581K, committed 30976K, reserved 1114112K
  class space    used 3247K, committed 3456K, reserved 1048576K
}
Event: 5.305 GC heap after
{Heap after GC invocations=8 (full 0):
 garbage-first heap   total 75776K, used 26435K [0x0000000080000000, 0x0000000100000000)
  region size 1024K, 5 young (5120K), 5 survivors (5120K)
 Metaspace       used 30581K, committed 30976K, reserved 1114112K
  class space    used 3247K, committed 3456K, reserved 1048576K
}
Event: 5.501 GC heap before
{Heap before GC invocations=8 (full 0):
 garbage-first heap   total 75776K, used 58179K [0x0000000080000000, 0x0000000100000000)
  region size 1024K, 33 young (33792K), 5 survivors (5120K)
 Metaspace       used 31889K, committed 32192K, reserved 1114112K
  class space    used 3351K, committed 3520K, reserved 1048576K
}
Event: 5.508 GC heap after
{Heap after GC invocations=9 (full 0):
 garbage-first heap   total 75776K, used 27391K [0x0000000080000000, 0x0000000100000000)
  region size 1024K, 1 young (1024K), 1 survivors (1024K)
 Metaspace       used 31889K, committed 32192K, reserved 1114112K
  class space    used 3351K, committed 3520K, reserved 1048576K
}
Event: 5.568 GC heap before
{Heap before GC invocations=9 (full 0):
 garbage-first heap   total 75776K, used 58111K [0x0000000080000000, 0x0000000100000000)
  region size 1024K, 31 young (31744K), 1 survivors (1024K)
 Metaspace       used 31964K, committed 32448K, reserved 1114112K
  class space    used 3357K, committed 3584K, reserved 1048576K
}
Event: 5.570 GC heap after
{Heap after GC invocations=10 (full 0):
 garbage-first heap   total 91136K, used 27391K [0x0000000080000000, 0x0000000100000000)
  region size 1024K, 1 young (1024K), 1 survivors (1024K)
 Metaspace       used 31964K, committed 32448K, reserved 1114112K
  class space    used 3357K, committed 3584K, reserved 1048576K
}
Event: 5.886 GC heap before
{Heap before GC invocations=10 (full 0):
 garbage-first heap   total 91136K, used 72447K [0x0000000080000000, 0x0000000100000000)
  region size 1024K, 45 young (46080K), 1 survivors (1024K)
 Metaspace       used 32122K, committed 32512K, reserved 1114112K
  class space    used 3373K, committed 3584K, reserved 1048576K
}
Event: 5.891 GC heap after
{Heap after GC invocations=11 (full 0):
 garbage-first heap   total 91136K, used 29337K [0x0000000080000000, 0x0000000100000000)
  region size 1024K, 3 young (3072K), 3 survivors (3072K)
 Metaspace       used 32122K, committed 32512K, reserved 1114112K
  class space    used 3373K, committed 3584K, reserved 1048576K
}
Event: 6.225 GC heap before
{Heap before GC invocations=11 (full 0):
 garbage-first heap   total 91136K, used 73369K [0x0000000080000000, 0x0000000100000000)
  region size 1024K, 46 young (47104K), 3 survivors (3072K)
 Metaspace       used 32534K, committed 32896K, reserved 1114112K
  class space    used 3411K, committed 3584K, reserved 1048576K
}
Event: 6.231 GC heap after
{Heap after GC invocations=12 (full 0):
 garbage-first heap   total 91136K, used 30695K [0x0000000080000000, 0x0000000100000000)
  region size 1024K, 5 young (5120K), 5 survivors (5120K)
 Metaspace       used 32534K, committed 32896K, reserved 1114112K
  class space    used 3411K, committed 3584K, reserved 1048576K
}
Event: 6.591 GC heap before
{Heap before GC invocations=12 (full 0):
 garbage-first heap   total 91136K, used 72679K [0x0000000080000000, 0x0000000100000000)
  region size 1024K, 46 young (47104K), 5 survivors (5120K)
 Metaspace       used 33172K, committed 33536K, reserved 1114112K
  class space    used 3441K, committed 3584K, reserved 1048576K
}
Event: 6.602 GC heap after
{Heap after GC invocations=13 (full 0):
 garbage-first heap   total 91136K, used 33869K [0x0000000080000000, 0x0000000100000000)
  region size 1024K, 5 young (5120K), 5 survivors (5120K)
 Metaspace       used 33172K, committed 33536K, reserved 1114112K
  class space    used 3441K, committed 3584K, reserved 1048576K
}
Event: 7.177 GC heap before
{Heap before GC invocations=13 (full 0):
 garbage-first heap   total 91136K, used 71757K [0x0000000080000000, 0x0000000100000000)
  region size 1024K, 42 young (43008K), 5 survivors (5120K)
 Metaspace       used 35400K, committed 35968K, reserved 1114112K
  class space    used 3696K, committed 3968K, reserved 1048576K
}
Event: 7.187 GC heap after
{Heap after GC invocations=14 (full 0):
 garbage-first heap   total 109568K, used 34797K [0x0000000080000000, 0x0000000100000000)
  region size 1024K, 2 young (2048K), 2 survivors (2048K)
 Metaspace       used 35400K, committed 35968K, reserved 1114112K
  class space    used 3696K, committed 3968K, reserved 1048576K
}
Event: 7.377 GC heap before
{Heap before GC invocations=14 (full 0):
 garbage-first heap   total 109568K, used 37869K [0x0000000080000000, 0x0000000100000000)
  region size 1024K, 6 young (6144K), 2 survivors (2048K)
 Metaspace       used 35456K, committed 35968K, reserved 1114112K
  class space    used 3696K, committed 3968K, reserved 1048576K
}
Event: 7.380 GC heap after
{Heap after GC invocations=15 (full 0):
 garbage-first heap   total 109568K, used 34739K [0x0000000080000000, 0x0000000100000000)
  region size 1024K, 2 young (2048K), 2 survivors (2048K)
 Metaspace       used 35456K, committed 35968K, reserved 1114112K
  class space    used 3696K, committed 3968K, reserved 1048576K
}
Event: 31.947 GC heap before
{Heap before GC invocations=16 (full 0):
 garbage-first heap   total 109568K, used 90035K [0x0000000080000000, 0x0000000100000000)
  region size 1024K, 56 young (57344K), 2 survivors (2048K)
 Metaspace       used 42946K, committed 43456K, reserved 1114112K
  class space    used 4715K, committed 4928K, reserved 1048576K
}
Event: 31.953 GC heap after
{Heap after GC invocations=17 (full 0):
 garbage-first heap   total 109568K, used 38457K [0x0000000080000000, 0x0000000100000000)
  region size 1024K, 5 young (5120K), 5 survivors (5120K)
 Metaspace       used 42946K, committed 43456K, reserved 1114112K
  class space    used 4715K, committed 4928K, reserved 1048576K
}

Dll operation events (7 events):
Event: 0.032 Loaded shared library C:\Users\ASUS\.katalon\packages\Katalon_Studio_Free_Windows_64-9.5.0\Katalon_Studio_Free_Windows_64-9.5.0\jre\bin\java.dll
Event: 0.293 Loaded shared library C:\Users\ASUS\.katalon\packages\Katalon_Studio_Free_Windows_64-9.5.0\Katalon_Studio_Free_Windows_64-9.5.0\jre\bin\net.dll
Event: 0.296 Loaded shared library C:\Users\ASUS\.katalon\packages\Katalon_Studio_Free_Windows_64-9.5.0\Katalon_Studio_Free_Windows_64-9.5.0\jre\bin\nio.dll
Event: 0.304 Loaded shared library C:\Users\ASUS\.katalon\packages\Katalon_Studio_Free_Windows_64-9.5.0\Katalon_Studio_Free_Windows_64-9.5.0\jre\bin\zip.dll
Event: 0.960 Loaded shared library C:\Users\ASUS\.katalon\packages\Katalon_Studio_Free_Windows_64-9.5.0\Katalon_Studio_Free_Windows_64-9.5.0\jre\bin\verify.dll
Event: 1.238 Loaded shared library C:\Users\ASUS\.katalon\packages\Katalon_Studio_Free_Windows_64-9.5.0\Katalon_Studio_Free_Windows_64-9.5.0\jre\bin\jimage.dll
Event: 16.767 Loaded shared library C:\Users\ASUS\.katalon\packages\Katalon_Studio_Free_Windows_64-9.5.0\Katalon_Studio_Free_Windows_64-9.5.0\jre\bin\sunmscapi.dll

Deoptimization events (20 events):
Event: 32.054 Thread 0x000002a6f7f5c580 DEOPT PACKING pc=0x000002a68061254d sp=0x000000b2b5bf50b0
Event: 32.054 Thread 0x000002a6f7f5c580 DEOPT UNPACKING pc=0x000002a68758ace3 sp=0x000000b2b5bf4538 mode 0
Event: 32.066 Thread 0x000002a6f7f5c580 DEOPT PACKING pc=0x000002a68061254d sp=0x000000b2b5bf3450
Event: 32.066 Thread 0x000002a6f7f5c580 DEOPT UNPACKING pc=0x000002a68758ace3 sp=0x000000b2b5bf28d8 mode 0
Event: 32.082 Thread 0x000002a6f7f5c580 Uncommon trap: trap_request=0xffffffe4 fr.pc=0x000002a687e01dfc relative=0x000000000000045c
Event: 32.082 Thread 0x000002a6f7f5c580 Uncommon trap: reason=range_check action=make_not_entrant pc=0x000002a687e01dfc method=sun.security.util.DerValue.<init>([BIIZZ)V @ 83 c2
Event: 32.082 Thread 0x000002a6f7f5c580 DEOPT PACKING pc=0x000002a687e01dfc sp=0x000000b2b5bf5fc0
Event: 32.083 Thread 0x000002a6f7f5c580 DEOPT UNPACKING pc=0x000002a68758a1a3 sp=0x000000b2b5bf5f50 mode 2
Event: 32.087 Thread 0x000002a6f7f5c580 Uncommon trap: trap_request=0xffffff45 fr.pc=0x000002a687bb7d88 relative=0x0000000000000ac8
Event: 32.087 Thread 0x000002a6f7f5c580 Uncommon trap: reason=unstable_if action=reinterpret pc=0x000002a687bb7d88 method=java.lang.Integer.stringSize(I)I @ 19 c2
Event: 32.087 Thread 0x000002a6f7f5c580 DEOPT PACKING pc=0x000002a687bb7d88 sp=0x000000b2b5bf7130
Event: 32.087 Thread 0x000002a6f7f5c580 DEOPT UNPACKING pc=0x000002a68758a1a3 sp=0x000000b2b5bf7088 mode 2
Event: 32.126 Thread 0x000002a6f7f5c580 Uncommon trap: trap_request=0xffffff45 fr.pc=0x000002a687c9a7a8 relative=0x00000000000001e8
Event: 32.126 Thread 0x000002a6f7f5c580 Uncommon trap: reason=unstable_if action=reinterpret pc=0x000002a687c9a7a8 method=java.util.regex.Pattern$BmpCharProperty.match(Ljava/util/regex/Matcher;ILjava/lang/CharSequence;)Z @ 5 c2
Event: 32.126 Thread 0x000002a6f7f5c580 DEOPT PACKING pc=0x000002a687c9a7a8 sp=0x000000b2b5bf3760
Event: 32.126 Thread 0x000002a6f7f5c580 DEOPT UNPACKING pc=0x000002a68758a1a3 sp=0x000000b2b5bf3728 mode 2
Event: 32.159 Thread 0x000002a6f7f5c580 Uncommon trap: trap_request=0xffffff54 fr.pc=0x000002a687b40818 relative=0x0000000000000958
Event: 32.159 Thread 0x000002a6f7f5c580 Uncommon trap: reason=speculate_null_assert action=make_not_entrant pc=0x000002a687b40818 method=java.util.jar.JarFile.getVersionedEntry(Ljava/lang/String;Ljava/util/jar/JarEntry;)Ljava/util/jar/JarEntry; @ 115 c2
Event: 32.159 Thread 0x000002a6f7f5c580 DEOPT PACKING pc=0x000002a687b40818 sp=0x000000b2b5bf5030
Event: 32.159 Thread 0x000002a6f7f5c580 DEOPT UNPACKING pc=0x000002a68758a1a3 sp=0x000000b2b5bf4fa8 mode 2

Classes unloaded (0 events):
No events

Classes redefined (0 events):
No events

Internal exceptions (20 events):
Event: 15.593 Thread 0x000002a6977155a0 Exception <a 'java/net/ConnectException'{0x00000000852fbcd0}: Connection refused: no further information> (0x00000000852fbcd0) 
thrown [s\src\hotspot\share\prims\jni.cpp, line 535]
Event: 15.593 Thread 0x000002a6977155a0 Exception <a 'java/net/SocketException'{0x00000000852fc008}: Socket is not connected: shutdown> (0x00000000852fc008) 
thrown [s\src\hotspot\share\prims\jni.cpp, line 535]
Event: 15.915 Thread 0x000002a6977155a0 Exception <a 'java/net/ConnectException'{0x00000000852fd108}: Connection refused: no further information> (0x00000000852fd108) 
thrown [s\src\hotspot\share\prims\jni.cpp, line 535]
Event: 15.915 Thread 0x000002a6977155a0 Exception <a 'java/net/SocketException'{0x00000000852fd440}: Socket is not connected: shutdown> (0x00000000852fd440) 
thrown [s\src\hotspot\share\prims\jni.cpp, line 535]
Event: 16.238 Thread 0x000002a6977155a0 Exception <a 'java/net/ConnectException'{0x00000000852fe540}: Connection refused: no further information> (0x00000000852fe540) 
thrown [s\src\hotspot\share\prims\jni.cpp, line 535]
Event: 16.238 Thread 0x000002a6977155a0 Exception <a 'java/net/SocketException'{0x00000000852fe878}: Socket is not connected: shutdown> (0x00000000852fe878) 
thrown [s\src\hotspot\share\prims\jni.cpp, line 535]
Event: 16.793 Thread 0x000002a6f7f5c580 Exception <a 'sun/nio/fs/WindowsException'{0x0000000084709e28}> (0x0000000084709e28) 
thrown [s\src\hotspot\share\prims\jni.cpp, line 516]
Event: 16.832 Thread 0x000002a6f7f5c580 Exception <a 'java/lang/NoSuchMethodError'{0x00000000847d2c68}: 'java.lang.Object java.lang.invoke.DirectMethodHandle$Holder.invokeStaticInit(java.lang.Object, int, int, int, int)'> (0x00000000847d2c68) 
thrown [s\src\hotspot\share\interpreter\linkResolver.cpp, line 759]
Event: 16.932 Thread 0x000002a6f7f5c580 Exception <a 'java/lang/NoSuchMethodError'{0x0000000084673758}: 'java.lang.Object java.lang.invoke.DirectMethodHandle$Holder.invokeStaticInit(java.lang.Object, java.lang.Object, int, int, int, int)'> (0x0000000084673758) 
thrown [s\src\hotspot\share\interpreter\linkResolver.cpp, line 759]
Event: 17.000 Thread 0x000002a6f7f5c580 Exception <a 'java/lang/IncompatibleClassChangeError'{0x0000000084281db0}: Found class java.lang.Object, but interface was expected> (0x0000000084281db0) 
thrown [s\src\hotspot\share\interpreter\linkResolver.cpp, line 826]
Event: 17.000 Thread 0x000002a6f7f5c580 Exception <a 'java/lang/NoSuchMethodError'{0x0000000084288bd0}: 'int java.lang.invoke.DirectMethodHandle$Holder.invokeSpecialIFC(java.lang.Object, java.lang.Object, java.lang.Object, java.lang.Object)'> (0x0000000084288bd0) 
thrown [s\src\hotspot\share\interpreter\linkResolver.cpp, line 759]
Event: 17.010 Thread 0x000002a6f7f5c580 Exception <a 'java/lang/NoSuchMethodError'{0x0000000084120948}: 'double java.lang.invoke.DirectMethodHandle$Holder.invokeVirtual(java.lang.Object, java.lang.Object)'> (0x0000000084120948) 
thrown [s\src\hotspot\share\interpreter\linkResolver.cpp, line 759]
Event: 17.010 Thread 0x000002a6f7f5c580 Exception <a 'java/lang/NoSuchMethodError'{0x0000000084127618}: 'float java.lang.invoke.DirectMethodHandle$Holder.invokeVirtual(java.lang.Object, java.lang.Object)'> (0x0000000084127618) 
thrown [s\src\hotspot\share\interpreter\linkResolver.cpp, line 759]
Event: 17.011 Thread 0x000002a6f7f5c580 Exception <a 'java/lang/NoSuchMethodError'{0x0000000084130b28}: 'long java.lang.invoke.DirectMethodHandle$Holder.invokeVirtual(java.lang.Object, java.lang.Object)'> (0x0000000084130b28) 
thrown [s\src\hotspot\share\interpreter\linkResolver.cpp, line 759]
Event: 17.105 Thread 0x000002a6f7f5c580 Exception <a 'java/lang/NoSuchMethodError'{0x0000000083c19180}: 'void java.lang.invoke.DirectMethodHandle$Holder.invokeInterface(java.lang.Object, java.lang.Object, java.lang.Object)'> (0x0000000083c19180) 
thrown [s\src\hotspot\share\interpreter\linkResolver.cpp, line 759]
Event: 31.959 Thread 0x000002a6f7f5c580 Exception <a 'java/lang/NoSuchMethodError'{0x000000008bb3e128}: 'java.lang.Object java.lang.invoke.DirectMethodHandle$Holder.invokeSpecialIFC(java.lang.Object, java.lang.Object, java.lang.Object)'> (0x000000008bb3e128) 
thrown [s\src\hotspot\share\interpreter\linkResolver.cpp, line 759]
Event: 31.967 Thread 0x000002a6f7f5c580 Exception <a 'java/lang/ClassNotFoundException'{0x000000008bb926b0}: sun/util/logging/resources/spi/loggingProvider> (0x000000008bb926b0) 
thrown [s\src\hotspot\share\classfile\systemDictionary.cpp, line 256]
Event: 31.997 Thread 0x000002a6f7f5c580 Exception <a 'java/lang/NoSuchMethodError'{0x00000000872573e0}: 'java.lang.Object java.lang.invoke.Invokers$Holder.invoke_MT(java.lang.Object, java.lang.Object, java.lang.Object, java.lang.Object, java.lang.Object)'> (0x00000000872573e0) 
thrown [s\src\hotspot\share\interpreter\linkResolver.cpp, line 759]
Event: 31.998 Thread 0x000002a6f7f5c580 Exception <a 'java/lang/NoSuchMethodError'{0x000000008725bd60}: 'void java.lang.invoke.Invokers$Holder.invokeExact_MT(java.lang.Object, java.lang.Object, java.lang.Object, java.lang.Object, java.lang.Object)'> (0x000000008725bd60) 
thrown [s\src\hotspot\share\interpreter\linkResolver.cpp, line 759]
Event: 32.032 Thread 0x000002a6f7f5c580 Exception <a 'java/lang/NoSuchMethodError'{0x00000000872f14e8}: 'java.lang.Object java.lang.invoke.DirectMethodHandle$Holder.invokeSpecialIFC(java.lang.Object, java.lang.Object)'> (0x00000000872f14e8) 
thrown [s\src\hotspot\share\interpreter\linkResolver.cpp, line 759]

VM Operations (20 events):
Event: 14.597 Executing VM operation: Cleanup
Event: 14.597 Executing VM operation: Cleanup done
Event: 16.585 Executing VM operation: HandshakeAllThreads
Event: 16.585 Executing VM operation: HandshakeAllThreads done
Event: 16.586 Executing VM operation: HandshakeAllThreads
Event: 16.586 Executing VM operation: HandshakeAllThreads done
Event: 16.588 Executing VM operation: HandshakeAllThreads
Event: 16.588 Executing VM operation: HandshakeAllThreads done
Event: 16.795 Executing VM operation: HandshakeAllThreads
Event: 16.795 Executing VM operation: HandshakeAllThreads done
Event: 16.795 Executing VM operation: Cleanup
Event: 16.795 Executing VM operation: Cleanup done
Event: 18.795 Executing VM operation: Cleanup
Event: 18.795 Executing VM operation: Cleanup done
Event: 21.796 Executing VM operation: Cleanup
Event: 21.796 Executing VM operation: Cleanup done
Event: 31.947 Executing VM operation: G1CollectForAllocation
Event: 31.953 Executing VM operation: G1CollectForAllocation done
Event: 32.138 Executing VM operation: HandshakeAllThreads
Event: 32.138 Executing VM operation: HandshakeAllThreads done

Events (20 events):
Event: 31.997 loading class java/lang/invoke/ConstantBootstraps done
Event: 32.013 loading class java/lang/ThreadLocal$SuppliedThreadLocal
Event: 32.013 loading class java/lang/ThreadLocal$SuppliedThreadLocal done
Event: 32.054 Thread 0x000002a6985964c0 Thread added: 0x000002a6985964c0
Event: 32.074 loading class sun/security/ssl/AbstractTrustManagerWrapper
Event: 32.075 loading class sun/security/ssl/AbstractTrustManagerWrapper done
Event: 32.079 loading class javax/net/ssl/SSLHandshakeException
Event: 32.079 loading class javax/net/ssl/SSLHandshakeException done
Event: 32.100 loading class java/lang/InstantiationError
Event: 32.100 loading class java/lang/InstantiationError done
Event: 32.166 loading class java/util/stream/WhileOps
Event: 32.167 loading class java/util/stream/WhileOps done
Event: 32.167 loading class java/util/stream/WhileOps$1Op
Event: 32.167 loading class java/util/stream/WhileOps$DropWhileOp
Event: 32.167 loading class java/util/stream/WhileOps$DropWhileOp done
Event: 32.167 loading class java/util/stream/WhileOps$1Op done
Event: 32.168 loading class java/util/stream/WhileOps$1Op$1OpSink
Event: 32.168 loading class java/util/stream/WhileOps$DropWhileSink
Event: 32.168 loading class java/util/stream/WhileOps$DropWhileSink done
Event: 32.168 loading class java/util/stream/WhileOps$1Op$1OpSink done


Dynamic libraries:
0x00007ff7dc180000 - 0x00007ff7dc18e000 	C:\Users\ASUS\.katalon\packages\Katalon_Studio_Free_Windows_64-9.5.0\Katalon_Studio_Free_Windows_64-9.5.0\jre\bin\javaw.exe
0x00007ffd2bd90000 - 0x00007ffd2bfa7000 	C:\WINDOWS\SYSTEM32\ntdll.dll
0x00007ffd29c60000 - 0x00007ffd29d24000 	C:\WINDOWS\System32\KERNEL32.DLL
0x00007ffd29130000 - 0x00007ffd294e9000 	C:\WINDOWS\System32\KERNELBASE.dll
0x00007ffd296e0000 - 0x00007ffd297f1000 	C:\WINDOWS\System32\ucrtbase.dll
0x00007ffd121b0000 - 0x00007ffd121c7000 	C:\Users\ASUS\.katalon\packages\Katalon_Studio_Free_Windows_64-9.5.0\Katalon_Studio_Free_Windows_64-9.5.0\jre\bin\jli.dll
0x00007ffd2bb10000 - 0x00007ffd2bcbe000 	C:\WINDOWS\System32\USER32.dll
0x00007ffd29100000 - 0x00007ffd29126000 	C:\WINDOWS\System32\win32u.dll
0x00007ffd2b9f0000 - 0x00007ffd2ba19000 	C:\WINDOWS\System32\GDI32.dll
0x00007ffd295c0000 - 0x00007ffd296db000 	C:\WINDOWS\System32\gdi32full.dll
0x00007ffd29520000 - 0x00007ffd295ba000 	C:\WINDOWS\System32\msvcp_win.dll
0x00007ffd111a0000 - 0x00007ffd111b9000 	C:\Users\ASUS\.katalon\packages\Katalon_Studio_Free_Windows_64-9.5.0\Katalon_Studio_Free_Windows_64-9.5.0\jre\bin\VCRUNTIME140.dll
0x00007ffd1df80000 - 0x00007ffd1e212000 	C:\WINDOWS\WinSxS\amd64_microsoft.windows.common-controls_6595b64144ccf1df_6.0.22621.4391_none_2715d37f73803e96\COMCTL32.dll
0x00007ffd29ab0000 - 0x00007ffd29b57000 	C:\WINDOWS\System32\msvcrt.dll
0x00007ffd2a960000 - 0x00007ffd2a991000 	C:\WINDOWS\System32\IMM32.DLL
0x00007ffd1b810000 - 0x00007ffd1b81c000 	C:\Users\ASUS\.katalon\packages\Katalon_Studio_Free_Windows_64-9.5.0\Katalon_Studio_Free_Windows_64-9.5.0\jre\bin\vcruntime140_1.dll
0x00007ffcf3310000 - 0x00007ffcf33a1000 	C:\Users\ASUS\.katalon\packages\Katalon_Studio_Free_Windows_64-9.5.0\Katalon_Studio_Free_Windows_64-9.5.0\jre\bin\msvcp140.dll
0x00007ffc7bf20000 - 0x00007ffc7cb68000 	C:\Users\ASUS\.katalon\packages\Katalon_Studio_Free_Windows_64-9.5.0\Katalon_Studio_Free_Windows_64-9.5.0\jre\bin\server\jvm.dll
0x00007ffd2ba20000 - 0x00007ffd2bad2000 	C:\WINDOWS\System32\ADVAPI32.dll
0x00007ffd29bb0000 - 0x00007ffd29c57000 	C:\WINDOWS\System32\sechost.dll
0x00007ffd294f0000 - 0x00007ffd29518000 	C:\WINDOWS\System32\bcrypt.dll
0x00007ffd2a750000 - 0x00007ffd2a864000 	C:\WINDOWS\System32\RPCRT4.dll
0x00007ffd21b00000 - 0x00007ffd21b09000 	C:\WINDOWS\SYSTEM32\WSOCK32.dll
0x00007ffd2b970000 - 0x00007ffd2b9e1000 	C:\WINDOWS\System32\WS2_32.dll
0x00007ffd180a0000 - 0x00007ffd180d4000 	C:\WINDOWS\SYSTEM32\WINMM.dll
0x00007ffd20480000 - 0x00007ffd2048a000 	C:\WINDOWS\SYSTEM32\VERSION.dll
0x00007ffd280a0000 - 0x00007ffd280b8000 	C:\WINDOWS\SYSTEM32\kernel.appcore.dll
0x00007ffd21af0000 - 0x00007ffd21afa000 	C:\Users\ASUS\.katalon\packages\Katalon_Studio_Free_Windows_64-9.5.0\Katalon_Studio_Free_Windows_64-9.5.0\jre\bin\jimage.dll
0x00007ffd26960000 - 0x00007ffd26b92000 	C:\WINDOWS\SYSTEM32\DBGHELP.DLL
0x00007ffd29d30000 - 0x00007ffd2a0bf000 	C:\WINDOWS\System32\combase.dll
0x00007ffd2a300000 - 0x00007ffd2a3d7000 	C:\WINDOWS\System32\OLEAUT32.dll
0x00007ffd09920000 - 0x00007ffd09952000 	C:\WINDOWS\SYSTEM32\dbgcore.DLL
0x00007ffd29970000 - 0x00007ffd299eb000 	C:\WINDOWS\System32\bcryptPrimitives.dll
0x00007ffcfffa0000 - 0x00007ffcfffc5000 	C:\Users\ASUS\.katalon\packages\Katalon_Studio_Free_Windows_64-9.5.0\Katalon_Studio_Free_Windows_64-9.5.0\jre\bin\java.dll
0x00007ffd1b6c0000 - 0x00007ffd1b6d8000 	C:\Users\ASUS\.katalon\packages\Katalon_Studio_Free_Windows_64-9.5.0\Katalon_Studio_Free_Windows_64-9.5.0\jre\bin\zip.dll
0x00007ffd2ae30000 - 0x00007ffd2b6a6000 	C:\WINDOWS\System32\SHELL32.dll
0x00007ffd26f80000 - 0x00007ffd27883000 	C:\WINDOWS\SYSTEM32\windows.storage.dll
0x00007ffd26e40000 - 0x00007ffd26f7f000 	C:\WINDOWS\SYSTEM32\wintypes.dll
0x00007ffd2a490000 - 0x00007ffd2a589000 	C:\WINDOWS\System32\SHCORE.dll
0x00007ffd2a0c0000 - 0x00007ffd2a11e000 	C:\WINDOWS\System32\shlwapi.dll
0x00007ffd28fc0000 - 0x00007ffd28feb000 	C:\WINDOWS\SYSTEM32\profapi.dll
0x00007ffd1b5f0000 - 0x00007ffd1b609000 	C:\Users\ASUS\.katalon\packages\Katalon_Studio_Free_Windows_64-9.5.0\Katalon_Studio_Free_Windows_64-9.5.0\jre\bin\net.dll
0x00007ffd21270000 - 0x00007ffd213a6000 	C:\WINDOWS\SYSTEM32\WINHTTP.dll
0x00007ffd285a0000 - 0x00007ffd28609000 	C:\WINDOWS\system32\mswsock.dll
0x00007ffd111c0000 - 0x00007ffd111d5000 	C:\Users\ASUS\.katalon\packages\Katalon_Studio_Free_Windows_64-9.5.0\Katalon_Studio_Free_Windows_64-9.5.0\jre\bin\nio.dll
0x00007ffd21ae0000 - 0x00007ffd21af0000 	C:\Users\ASUS\.katalon\packages\Katalon_Studio_Free_Windows_64-9.5.0\Katalon_Studio_Free_Windows_64-9.5.0\jre\bin\verify.dll
0x00007ffd27b20000 - 0x00007ffd27b4d000 	C:\WINDOWS\SYSTEM32\IPHLPAPI.DLL
0x00007ffd2a8d0000 - 0x00007ffd2a8d9000 	C:\WINDOWS\System32\NSI.dll
0x00007ffd20a80000 - 0x00007ffd20a99000 	C:\WINDOWS\SYSTEM32\dhcpcsvc6.DLL
0x00007ffd20960000 - 0x00007ffd2097f000 	C:\WINDOWS\SYSTEM32\dhcpcsvc.DLL
0x00007ffd27b50000 - 0x00007ffd27c52000 	C:\WINDOWS\SYSTEM32\DNSAPI.dll
0x00007ffd1b8c0000 - 0x00007ffd1b8ce000 	C:\Users\ASUS\.katalon\packages\Katalon_Studio_Free_Windows_64-9.5.0\Katalon_Studio_Free_Windows_64-9.5.0\jre\bin\sunmscapi.dll
0x00007ffd29800000 - 0x00007ffd29966000 	C:\WINDOWS\System32\CRYPT32.dll
0x00007ffd28a50000 - 0x00007ffd28a7d000 	C:\WINDOWS\SYSTEM32\ncrypt.dll
0x00007ffd28a10000 - 0x00007ffd28a47000 	C:\WINDOWS\SYSTEM32\NTASN1.dll
0x00007ffd28820000 - 0x00007ffd2883b000 	C:\WINDOWS\SYSTEM32\CRYPTSP.dll
0x00007ffd28000000 - 0x00007ffd28035000 	C:\WINDOWS\system32\rsaenh.dll
0x00007ffd286b0000 - 0x00007ffd286d8000 	C:\WINDOWS\SYSTEM32\USERENV.dll
0x00007ffd28810000 - 0x00007ffd2881c000 	C:\WINDOWS\SYSTEM32\CRYPTBASE.dll
0x00007ffd21b10000 - 0x00007ffd21b19000 	C:\Users\ASUS\.katalon\packages\Katalon_Studio_Free_Windows_64-9.5.0\Katalon_Studio_Free_Windows_64-9.5.0\jre\bin\management.dll
0x00007ffd21a20000 - 0x00007ffd21a2b000 	C:\Users\ASUS\.katalon\packages\Katalon_Studio_Free_Windows_64-9.5.0\Katalon_Studio_Free_Windows_64-9.5.0\jre\bin\management_ext.dll
0x00007ffd2ae20000 - 0x00007ffd2ae28000 	C:\WINDOWS\System32\PSAPI.DLL

dbghelp: loaded successfully - version: 4.0.5 - missing functions: none
symbol engine: initialized successfully - sym options: 0x614 - pdb path: .;C:\Users\ASUS\.katalon\packages\Katalon_Studio_Free_Windows_64-9.5.0\Katalon_Studio_Free_Windows_64-9.5.0\jre\bin;C:\WINDOWS\SYSTEM32;C:\WINDOWS\WinSxS\amd64_microsoft.windows.common-controls_6595b64144ccf1df_6.0.22621.4391_none_2715d37f73803e96;C:\Users\ASUS\.katalon\packages\Katalon_Studio_Free_Windows_64-9.5.0\Katalon_Studio_Free_Windows_64-9.5.0\jre\bin\server

VM Arguments:
jvm_args: -Dgroovy.home=C:\Users\ASUS/.groovy -Djava.system.class.loader=groovy.lang.GroovyClassLoader -Xmx2048m -Dfile.encoding=UTF-8 -XX:+ShowCodeDetailsInExceptionMessages 
java_command: org.codehaus.groovy.tools.GroovyStarter --classpath C:\Users\ASUS\git\Suraj-Automation-WinMobileApp\bin\keyword;C:\Users\ASUS\git\Suraj-Automation-WinMobileApp\Keywords;C:\Users\ASUS\git\Suraj-Automation-WinMobileApp\bin\listener;C:\Users\ASUS\git\Suraj-Automation-WinMobileApp\Test Listeners;C:\Users\ASUS\git\Suraj-Automation-WinMobileApp\bin\lib;C:\Users\ASUS\git\Suraj-Automation-WinMobileApp\Libs;C:\Users\ASUS\git\Suraj-Automation-WinMobileApp\bin\groovy;C:\Users\ASUS\git\Suraj-Automation-WinMobileApp\Include\scripts\groovy;C:\Users\ASUS\.katalon\packages\Katalon_Studio_Free_Windows_64-9.5.0\Katalon_Studio_Free_Windows_64-9.5.0\plugins\com.kms.katalon.core_1.0.0.202405291026.jar;C:\Users\ASUS\.katalon\packages\Katalon_Studio_Free_Windows_64-9.5.0\Katalon_Studio_Free_Windows_64-9.5.0\configuration\resources\lib\aalto-xml-1.0.0.jar;C:\Users\ASUS\.katalon\packages\Katalon_Studio_Free_Windows_64-9.5.0\Katalon_Studio_Free_Windows_64-9.5.0\configuration\resources\lib\aspectjweaver-1.9.1.jar;C:\Users\ASUS\.katalon\packages\Katalon_Studio_Free_Windows_64-9.5.0\Katalon_Studio_Free_Windows_64-9.5.0\configuration\resources\lib\bcpkix-jdk15on-1.64.jar;C:\Users\ASUS\.katalon\packages\Katalon_Studio_Free_Windows_64-9.5.0\Katalon_Studio_Free_Windows_64-9.5.0\configuration\resources\lib\bcprov-jdk15on-1.64.jar;C:\Users\ASUS\.katalon\packages\Katalon_Studio_Free_Windows_64-9.5.0\Katalon_Studio_Free_Windows_64-9.5.0\configuration\resources\lib\browsermob-core-2.1.5.jar;C:\Users\ASUS\.katalon\packages\Katalon_Studio_Free_Windows_64-9.5.0\Katalon_Studio_Free_Windows_64-9.5.0\configuration\resources\lib\byte-buddy-1.14.3.jar;C:\Users\ASUS\.katalon\packages\Katalon_Studio_Free_Windows_64-9.5.0\Katalon_Studio_Free_Windows_64-9.5.0\configuration\resources\lib\byte-buddy-agent-1.14.3.jar;C:\Users\ASUS\.katalon\packages\Katalon_Studio_Free_Windows_64-9.5.0\Katalon_Studio_Free_Windows_64-9.5.0\configuration\resources\lib\cglib-3.2.10.jar;C:\Users\ASUS\.katalon\packages\Katal
java_class_path (initial): C:\Users\ASUS\git\Suraj-Automation-WinMobileApp\bin\keyword;C:\Users\ASUS\git\Suraj-Automation-WinMobileApp\bin\listener;C:\Users\ASUS\git\Suraj-Automation-WinMobileApp\bin\lib;C:\Users\ASUS\git\Suraj-Automation-WinMobileApp\bin\groovy;C:\Users\ASUS\git\Suraj-Automation-WinMobileApp\bin;C:\Users\ASUS\.katalon\packages\Katalon_Studio_Free_Windows_64-9.5.0\Katalon_Studio_Free_Windows_64-9.5.0\plugins\com.kms.katalon.core_1.0.0.202405291026.jar;C:\Users\ASUS\.katalon\packages\Katalon_Studio_Free_Windows_64-9.5.0\Katalon_Studio_Free_Windows_64-9.5.0\configuration\resources\lib\aalto-xml-1.0.0.jar;C:\Users\ASUS\.katalon\packages\Katalon_Studio_Free_Windows_64-9.5.0\Katalon_Studio_Free_Windows_64-9.5.0\configuration\resources\lib\aspectjweaver-1.9.1.jar;C:\Users\ASUS\.katalon\packages\Katalon_Studio_Free_Windows_64-9.5.0\Katalon_Studio_Free_Windows_64-9.5.0\configuration\resources\lib\bcpkix-jdk15on-1.64.jar;C:\Users\ASUS\.katalon\packages\Katalon_Studio_Free_Windows_64-9.5.0\Katalon_Studio_Free_Windows_64-9.5.0\configuration\resources\lib\bcprov-jdk15on-1.64.jar;C:\Users\ASUS\.katalon\packages\Katalon_Studio_Free_Windows_64-9.5.0\Katalon_Studio_Free_Windows_64-9.5.0\configuration\resources\lib\browsermob-core-2.1.5.jar;C:\Users\ASUS\.katalon\packages\Katalon_Studio_Free_Windows_64-9.5.0\Katalon_Studio_Free_Windows_64-9.5.0\configuration\resources\lib\byte-buddy-1.14.3.jar;C:\Users\ASUS\.katalon\packages\Katalon_Studio_Free_Windows_64-9.5.0\Katalon_Studio_Free_Windows_64-9.5.0\configuration\resources\lib\byte-buddy-agent-1.14.3.jar;C:\Users\ASUS\.katalon\packages\Katalon_Studio_Free_Windows_64-9.5.0\Katalon_Studio_Free_Windows_64-9.5.0\configuration\resources\lib\cglib-3.2.10.jar;C:\Users\ASUS\.katalon\packages\Katalon_Studio_Free_Windows_64-9.5.0\Katalon_Studio_Free_Windows_64-9.5.0\configuration\resources\lib\commons-codec-1.10.jar;C:\Users\ASUS\.katalon\packages\Katalon_Studio_Free_Windows_64-9.5.0\Katalon_Studio_Free_Windows_64-9.5.0\confi
Launcher Type: SUN_STANDARD

[Global flags]
     intx CICompilerCount                          = 3                                         {product} {ergonomic}
     uint ConcGCThreads                            = 1                                         {product} {ergonomic}
     uint G1ConcRefinementThreads                  = 4                                         {product} {ergonomic}
   size_t G1HeapRegionSize                         = 1048576                                   {product} {ergonomic}
    uintx GCDrainStackTargetSize                   = 64                                        {product} {ergonomic}
   size_t InitialHeapSize                          = 197132288                                 {product} {ergonomic}
   size_t MarkStackSize                            = 4194304                                   {product} {ergonomic}
   size_t MaxHeapSize                              = 2147483648                                {product} {command line}
   size_t MaxNewSize                               = 1287651328                                {product} {ergonomic}
   size_t MinHeapDeltaBytes                        = 1048576                                   {product} {ergonomic}
   size_t MinHeapSize                              = 8388608                                   {product} {ergonomic}
    uintx NonNMethodCodeHeapSize                   = 5832780                                {pd product} {ergonomic}
    uintx NonProfiledCodeHeapSize                  = 122912730                              {pd product} {ergonomic}
    uintx ProfiledCodeHeapSize                     = 122912730                              {pd product} {ergonomic}
    uintx ReservedCodeCacheSize                    = 251658240                              {pd product} {ergonomic}
     bool SegmentedCodeCache                       = true                                      {product} {ergonomic}
     bool ShowCodeDetailsInExceptionMessages       = true                                   {manageable} {command line}
   size_t SoftMaxHeapSize                          = 2147483648                             {manageable} {ergonomic}
     bool UseCompressedClassPointers               = true                           {product lp64_product} {ergonomic}
     bool UseCompressedOops                        = true                           {product lp64_product} {ergonomic}
     bool UseG1GC                                  = true                                      {product} {ergonomic}
     bool UseLargePagesIndividualAllocation        = false                                  {pd product} {ergonomic}

Logging:
Log output configuration:
 #0: stdout all=warning uptime,level,tags
 #1: stderr all=off uptime,level,tags

Environment Variables:
JAVA_HOME=C:\Users\ASUS\.katalon\packages\Katalon_Studio_Free_Windows_64-9.5.0\Katalon_Studio_Free_Windows_64-9.5.0\jre
PATH=C:/Users/ASUS/.katalon/packages/Katalon_Studio_Free_Windows_64-9.5.0/Katalon_Studio_Free_Windows_64-9.5.0/jre/bin/server;C:/Users/ASUS/.katalon/packages/Katalon_Studio_Free_Windows_64-9.5.0/Katalon_Studio_Free_Windows_64-9.5.0/jre/bin;C:\Python312\Scripts\;C:\Python312\;C:\Program Files\Common Files\Oracle\Java\javapath;C:\Program Files (x86)\Common Files\Oracle\Java\java8path;C:\Program Files (x86)\Common Files\Oracle\Java\javapath;C:\WINDOWS\system32;C:\WINDOWS;C:\WINDOWS\System32\Wbem;C:\WINDOWS\System32\WindowsPowerShell\v1.0\;C:\WINDOWS\System32\OpenSSH\;C:\Users\ASUS\AppData\Local\Android\Sdk\tools\bin;C:\Users\ASUS\AppData\Local\Android\Sdk\tools;C:\Users\ASUS\AppData\Local\Android\Sdk\platform-tools;C:\Program Files\PostgreSQL\15\bin\psql.exe;C:\Users\ASUS\AppData\Local\Microsoft\WindowsApps;C:\Users\ASUS\AppData\Roaming\npm;C:\Users\ASUS\AppData\Local\Programs\Microsoft VS Code\bin;C:\Users\ASUS\AppData\Local\Programs\teleport-connect\resources\bin;C:\Program Files\PostgreSQL\16\bin;C:\ProgramData\chocolatey\bin;C:\Program Files\Docker\Docker\resources\bin;C:\Program Files\nodejs;C:\Program Files\Git\cmd;C:\ffmpeg\bin;C:\Program Files\Java\jdk-21\bin;C:\Program Files\nodejs\;C:\Users\ASUS\AppData\Local\Microsoft\WindowsApps;C:\Program Files\PostgreSQL\15\bin\psql.exe;C:\Users\ASUS\AppData\Local\Programs\Microsoft VS Code\bin;C:\Users\ASUS\AppData\Local\Microsoft\WinGet\Packages\Schniz.fnm_Microsoft.Winget.Source_8wekyb3d8bbwe;C:\ffmpeg\bin;C:\Program Files\Java\jdk-21\bin;C:\Users\ASUS\AppData\Roaming\npm;C:\Users\ASUS\AppData\Local\GitHubDesktop\bin;C:\Users\ASUS\.katalon\packages\Katalon_Studio_Free_Windows_64-9.5.0\Katalon_Studio_Free_Windows_64-9.5.0;:C:\Users\ASUS\.katalon\packages\Katalon_Studio_Free_Windows_64-9.5.0\Katalon_Studio_Free_Windows_64-9.5.0\jre\bin
USERNAME=ASUS
OS=Windows_NT
PROCESSOR_IDENTIFIER=Intel64 Family 6 Model 140 Stepping 1, GenuineIntel
TMP=C:\Users\ASUS\AppData\Local\Temp
TEMP=C:\Users\ASUS\AppData\Local\Temp



---------------  S Y S T E M  ---------------

OS:
 Windows 11 , 64 bit Build 22621 (10.0.22621.4391)
OS uptime: 0 days 4:26 hours
Hyper-V role detected

CPU: total 4 (initial active 4) (2 cores per cpu, 2 threads per core) family 6 model 140 stepping 1 microcode 0x9a, cx8, cmov, fxsr, ht, mmx, 3dnowpref, sse, sse2, sse3, ssse3, sse4.1, sse4.2, popcnt, lzcnt, tsc, tscinvbit, avx, avx2, aes, erms, clmul, bmi1, bmi2, adx, avx512f, avx512dq, avx512cd, avx512bw, avx512vl, sha, fma, vzeroupper, avx512_vpopcntdq, avx512_vpclmulqdq, avx512_vaes, avx512_vnni, clflush, clflushopt, clwb, avx512_vbmi2, avx512_vbmi, hv

Memory: 4k page, system-wide physical 11982M (455M free)
TotalPageFile size 37605M (AvailPageFile size 7M)
current process WorkingSet (physical memory assigned to process): 246M, peak: 278M
current process commit charge ("private bytes"): 271M, peak: 351M

vm_info: OpenJDK 64-Bit Server VM (17.0.7+7) for windows-amd64 JRE (17.0.7+7), built on Apr 18 2023 22:10:42 by "temurin" with MS VC++ 16.7 (VS2019)

END.
